<?xml version="1.0" encoding="UTF-8"?>
<testng-results skipped="0" failed="3" total="50" passed="47">
  <reporter-output>
    <line>
      <![CDATA[firefox driver instantiated]]>
    </line>
    <line>
      <![CDATA[TearDown Complete]]>
    </line>
    <line>
      <![CDATA[firefox driver instantiated]]>
    </line>
    <line>
      <![CDATA[TearDown Complete]]>
    </line>
    <line>
      <![CDATA[firefox driver instantiated]]>
    </line>
    <line>
      <![CDATA[TearDown Complete]]>
    </line>
    <line>
      <![CDATA[firefox driver instantiated]]>
    </line>
    <line>
      <![CDATA[TearDown Complete]]>
    </line>
    <line>
      <![CDATA[firefox driver instantiated]]>
    </line>
    <line>
      <![CDATA[TearDown Complete]]>
    </line>
    <line>
      <![CDATA[firefox driver instantiated]]>
    </line>
    <line>
      <![CDATA[TearDown Complete]]>
    </line>
    <line>
      <![CDATA[firefox driver instantiated]]>
    </line>
    <line>
      <![CDATA[TearDown Complete]]>
    </line>
    <line>
      <![CDATA[firefox driver instantiated]]>
    </line>
    <line>
      <![CDATA[TearDown Complete]]>
    </line>
    <line>
      <![CDATA[firefox driver instantiated]]>
    </line>
    <line>
      <![CDATA[TearDown Complete]]>
    </line>
    <line>
      <![CDATA[firefox driver instantiated]]>
    </line>
    <line>
      <![CDATA[TearDown Complete]]>
    </line>
    <line>
      <![CDATA[firefox driver instantiated]]>
    </line>
    <line>
      <![CDATA[TearDown Complete]]>
    </line>
    <line>
      <![CDATA[firefox driver instantiated]]>
    </line>
    <line>
      <![CDATA[TearDown Complete]]>
    </line>
    <line>
      <![CDATA[firefox driver instantiated]]>
    </line>
    <line>
      <![CDATA[TearDown Complete]]>
    </line>
    <line>
      <![CDATA[firefox driver instantiated]]>
    </line>
    <line>
      <![CDATA[TearDown Complete]]>
    </line>
    <line>
      <![CDATA[firefox driver instantiated]]>
    </line>
    <line>
      <![CDATA[TearDown Complete]]>
    </line>
    <line>
      <![CDATA[firefox driver instantiated]]>
    </line>
    <line>
      <![CDATA[TearDown Complete]]>
    </line>
    <line>
      <![CDATA[firefox driver instantiated]]>
    </line>
    <line>
      <![CDATA[TearDown Complete]]>
    </line>
    <line>
      <![CDATA[firefox driver instantiated]]>
    </line>
    <line>
      <![CDATA[TearDown Complete]]>
    </line>
    <line>
      <![CDATA[firefox driver instantiated]]>
    </line>
    <line>
      <![CDATA[TearDown Complete]]>
    </line>
    <line>
      <![CDATA[firefox driver instantiated]]>
    </line>
    <line>
      <![CDATA[TearDown Complete]]>
    </line>
    <line>
      <![CDATA[firefox driver instantiated]]>
    </line>
    <line>
      <![CDATA[TearDown Complete]]>
    </line>
    <line>
      <![CDATA[firefox driver instantiated]]>
    </line>
    <line>
      <![CDATA[TearDown Complete]]>
    </line>
    <line>
      <![CDATA[firefox driver instantiated]]>
    </line>
    <line>
      <![CDATA[TearDown Complete]]>
    </line>
    <line>
      <![CDATA[firefox driver instantiated]]>
    </line>
    <line>
      <![CDATA[TearDown Complete]]>
    </line>
    <line>
      <![CDATA[firefox driver instantiated]]>
    </line>
    <line>
      <![CDATA[TearDown Complete]]>
    </line>
    <line>
      <![CDATA[firefox driver instantiated]]>
    </line>
    <line>
      <![CDATA[TearDown Complete]]>
    </line>
    <line>
      <![CDATA[firefox driver instantiated]]>
    </line>
    <line>
      <![CDATA[TearDown Complete]]>
    </line>
    <line>
      <![CDATA[firefox driver instantiated]]>
    </line>
    <line>
      <![CDATA[TearDown Complete]]>
    </line>
    <line>
      <![CDATA[firefox driver instantiated]]>
    </line>
    <line>
      <![CDATA[TearDown Complete]]>
    </line>
    <line>
      <![CDATA[firefox driver instantiated]]>
    </line>
    <line>
      <![CDATA[TearDown Complete]]>
    </line>
    <line>
      <![CDATA[firefox driver instantiated]]>
    </line>
    <line>
      <![CDATA[TearDown Complete]]>
    </line>
    <line>
      <![CDATA[firefox driver instantiated]]>
    </line>
    <line>
      <![CDATA[TearDown Complete]]>
    </line>
    <line>
      <![CDATA[firefox driver instantiated]]>
    </line>
    <line>
      <![CDATA[TearDown Complete]]>
    </line>
    <line>
      <![CDATA[firefox driver instantiated]]>
    </line>
    <line>
      <![CDATA[TearDown Complete]]>
    </line>
    <line>
      <![CDATA[firefox driver instantiated]]>
    </line>
    <line>
      <![CDATA[TearDown Complete]]>
    </line>
    <line>
      <![CDATA[firefox driver instantiated]]>
    </line>
    <line>
      <![CDATA[TearDown Complete]]>
    </line>
    <line>
      <![CDATA[firefox driver instantiated]]>
    </line>
    <line>
      <![CDATA[TearDown Complete]]>
    </line>
    <line>
      <![CDATA[firefox driver instantiated]]>
    </line>
    <line>
      <![CDATA[TearDown Complete]]>
    </line>
    <line>
      <![CDATA[firefox driver instantiated]]>
    </line>
    <line>
      <![CDATA[TearDown Complete]]>
    </line>
    <line>
      <![CDATA[firefox driver instantiated]]>
    </line>
    <line>
      <![CDATA[TearDown Complete]]>
    </line>
    <line>
      <![CDATA[firefox driver instantiated]]>
    </line>
    <line>
      <![CDATA[TearDown Completed]]>
    </line>
    <line>
      <![CDATA[firefox driver instantiated]]>
    </line>
    <line>
      <![CDATA[TearDown Completed]]>
    </line>
    <line>
      <![CDATA[firefox driver instantiated]]>
    </line>
    <line>
      <![CDATA[TearDown Completed]]>
    </line>
    <line>
      <![CDATA[firefox driver instantiated]]>
    </line>
    <line>
      <![CDATA[TearDown Completed]]>
    </line>
    <line>
      <![CDATA[firefox driver instantiated]]>
    </line>
    <line>
      <![CDATA[TearDown Completed]]>
    </line>
    <line>
      <![CDATA[firefox driver instantiated]]>
    </line>
    <line>
      <![CDATA[TearDown Completed]]>
    </line>
    <line>
      <![CDATA[firefox driver instantiated]]>
    </line>
    <line>
      <![CDATA[TearDown Completed]]>
    </line>
    <line>
      <![CDATA[firefox driver instantiated]]>
    </line>
    <line>
      <![CDATA[TearDown Completed]]>
    </line>
    <line>
      <![CDATA[firefox driver instantiated]]>
    </line>
    <line>
      <![CDATA[TearDown Completed]]>
    </line>
    <line>
      <![CDATA[firefox driver instantiated]]>
    </line>
    <line>
      <![CDATA[TearDown Completed]]>
    </line>
  </reporter-output>
  <suite name="Automation - Suite" duration-ms="3502622" started-at="2016-08-09T21:01:37Z" finished-at="2016-08-09T22:00:00Z">
    <groups>
    </groups>
    <test name="FirefoxTest" duration-ms="3502622" started-at="2016-08-09T21:01:37Z" finished-at="2016-08-09T22:00:00Z">
      <class name="automationFramework.TestCases.BalanceHistoryTest">
        <test-method status="PASS" signature="setUp(java.lang.String)[pri:0, instance:automationFramework.TestCases.BalanceHistoryTest@527740a2]" name="setUp" is-config="true" duration-ms="13317" started-at="2016-08-09T14:33:45Z" finished-at="2016-08-09T14:33:58Z">
          <params>
            <param index="0">
              <value>
                <![CDATA[firefox.exe]]>
              </value>
            </param>
          </params>
          <reporter-output>
            <line>
              <![CDATA[firefox driver instantiated]]>
            </line>
          </reporter-output>
        </test-method> <!-- setUp -->
        <test-method status="FAIL" signature="checkBalanceHistory()[pri:0, instance:automationFramework.TestCases.BalanceHistoryTest@527740a2]" name="checkBalanceHistory" duration-ms="97498" started-at="2016-08-09T14:33:58Z" finished-at="2016-08-09T14:35:36Z">
          <exception class="org.openqa.selenium.NoSuchElementException">
            <message>
              <![CDATA[Unable to locate element: {"method":"xpath","selector":".//*[@id='balanceHistory_list_tbl']/div/div[1]/table/tbody/tr[1]/td[3]/span"}
Command duration or timeout: 60.05 seconds
For documentation on this error, please visit: http://seleniumhq.org/exceptions/no_such_element.html
Build info: version: '2.45.0', revision: '5017cb8e7ca8e37638dc3091b2440b90a1d8686f', time: '2015-02-27 09:10:26'
System info: host: 'NACTS-081729', ip: '172.28.0.111', os.name: 'Windows 7', os.arch: 'amd64', os.version: '6.1', java.version: '1.8.0_77'
Driver info: org.openqa.selenium.firefox.FirefoxDriver
Capabilities [{applicationCacheEnabled=false, rotatable=false, handlesAlerts=true, databaseEnabled=true, version=32.0, platform=WINDOWS, nativeEvents=false, acceptSslCerts=true, webStorageEnabled=true, locationContextEnabled=true, browserName=firefox, takesScreenshot=true, javascriptEnabled=true, cssSelectorsEnabled=true}]
Session ID: 83d45d63-0455-454a-a163-c12f7ce1fb00
*** Element info: {Using=xpath, value=.//*[@id='balanceHistory_list_tbl']/div/div[1]/table/tbody/tr[1]/td[3]/span}]]>
            </message>
            <full-stacktrace>
              <![CDATA[org.openqa.selenium.NoSuchElementException: Unable to locate element: {"method":"xpath","selector":".//*[@id='balanceHistory_list_tbl']/div/div[1]/table/tbody/tr[1]/td[3]/span"}
Command duration or timeout: 60.05 seconds
For documentation on this error, please visit: http://seleniumhq.org/exceptions/no_such_element.html
Build info: version: '2.45.0', revision: '5017cb8e7ca8e37638dc3091b2440b90a1d8686f', time: '2015-02-27 09:10:26'
System info: host: 'NACTS-081729', ip: '172.28.0.111', os.name: 'Windows 7', os.arch: 'amd64', os.version: '6.1', java.version: '1.8.0_77'
Driver info: org.openqa.selenium.firefox.FirefoxDriver
Capabilities [{applicationCacheEnabled=false, rotatable=false, handlesAlerts=true, databaseEnabled=true, version=32.0, platform=WINDOWS, nativeEvents=false, acceptSslCerts=true, webStorageEnabled=true, locationContextEnabled=true, browserName=firefox, takesScreenshot=true, javascriptEnabled=true, cssSelectorsEnabled=true}]
Session ID: 83d45d63-0455-454a-a163-c12f7ce1fb00
*** Element info: {Using=xpath, value=.//*[@id='balanceHistory_list_tbl']/div/div[1]/table/tbody/tr[1]/td[3]/span}
	at sun.reflect.NativeConstructorAccessorImpl.newInstance0(Native Method)
	at sun.reflect.NativeConstructorAccessorImpl.newInstance(Unknown Source)
	at sun.reflect.DelegatingConstructorAccessorImpl.newInstance(Unknown Source)
	at java.lang.reflect.Constructor.newInstance(Unknown Source)
	at org.openqa.selenium.remote.ErrorHandler.createThrowable(ErrorHandler.java:204)
	at org.openqa.selenium.remote.ErrorHandler.throwIfResponseFailed(ErrorHandler.java:156)
	at org.openqa.selenium.remote.RemoteWebDriver.execute(RemoteWebDriver.java:599)
	at org.openqa.selenium.remote.RemoteWebDriver.findElement(RemoteWebDriver.java:352)
	at org.openqa.selenium.remote.RemoteWebDriver.findElementByXPath(RemoteWebDriver.java:449)
	at org.openqa.selenium.By$ByXPath.findElement(By.java:357)
	at org.openqa.selenium.remote.RemoteWebDriver.findElement(RemoteWebDriver.java:344)
	at automationFramework.PageObjects.BalanceHistoryPage.getPurse(BalanceHistoryPage.java:35)
	at automationFramework.TestCases.BalanceHistoryTest.checkBalanceHistory(BalanceHistoryTest.java:58)
	at sun.reflect.NativeMethodAccessorImpl.invoke0(Native Method)
	at sun.reflect.NativeMethodAccessorImpl.invoke(Unknown Source)
	at sun.reflect.DelegatingMethodAccessorImpl.invoke(Unknown Source)
	at java.lang.reflect.Method.invoke(Unknown Source)
	at org.testng.internal.MethodInvocationHelper.invokeMethod(MethodInvocationHelper.java:80)
	at org.testng.internal.Invoker.invokeMethod(Invoker.java:714)
	at org.testng.internal.Invoker.invokeTestMethod(Invoker.java:901)
	at org.testng.internal.Invoker.invokeTestMethods(Invoker.java:1231)
	at org.testng.internal.TestMethodWorker.invokeTestMethods(TestMethodWorker.java:127)
	at org.testng.internal.TestMethodWorker.run(TestMethodWorker.java:111)
	at org.testng.TestRunner.privateRun(TestRunner.java:767)
	at org.testng.TestRunner.run(TestRunner.java:617)
	at org.testng.SuiteRunner.runTest(SuiteRunner.java:334)
	at org.testng.SuiteRunner.runSequentially(SuiteRunner.java:329)
	at org.testng.SuiteRunner.privateRun(SuiteRunner.java:291)
	at org.testng.SuiteRunner.run(SuiteRunner.java:240)
	at org.testng.SuiteRunnerWorker.runSuite(SuiteRunnerWorker.java:52)
	at org.testng.SuiteRunnerWorker.run(SuiteRunnerWorker.java:86)
	at org.testng.TestNG.runSuitesSequentially(TestNG.java:1198)
	at org.testng.TestNG.runSuitesLocally(TestNG.java:1123)
	at org.testng.TestNG.run(TestNG.java:1031)
	at org.apache.maven.surefire.testng.TestNGExecutor.run(TestNGExecutor.java:177)
	at org.apache.maven.surefire.testng.TestNGXmlTestSuite.execute(TestNGXmlTestSuite.java:92)
	at org.apache.maven.surefire.testng.TestNGProvider.invoke(TestNGProvider.java:105)
	at sun.reflect.NativeMethodAccessorImpl.invoke0(Native Method)
	at sun.reflect.NativeMethodAccessorImpl.invoke(Unknown Source)
	at sun.reflect.DelegatingMethodAccessorImpl.invoke(Unknown Source)
	at java.lang.reflect.Method.invoke(Unknown Source)
	at org.apache.maven.surefire.util.ReflectionUtils.invokeMethodWithArray(ReflectionUtils.java:189)
	at org.apache.maven.surefire.booter.ProviderFactory$ProviderProxy.invoke(ProviderFactory.java:165)
	at org.apache.maven.surefire.booter.ProviderFactory.invokeProvider(ProviderFactory.java:85)
	at org.apache.maven.surefire.booter.ForkedBooter.runSuitesInProcess(ForkedBooter.java:103)
	at org.apache.maven.surefire.booter.ForkedBooter.main(ForkedBooter.java:74)
Caused by: org.openqa.selenium.NoSuchElementException: Unable to locate element: {"method":"xpath","selector":".//*[@id='balanceHistory_list_tbl']/div/div[1]/table/tbody/tr[1]/td[3]/span"}
For documentation on this error, please visit: http://seleniumhq.org/exceptions/no_such_element.html
Build info: version: '2.45.0', revision: '5017cb8e7ca8e37638dc3091b2440b90a1d8686f', time: '2015-02-27 09:10:26'
System info: host: 'NACTS-081729', ip: '172.28.0.111', os.name: 'Windows 7', os.arch: 'amd64', os.version: '6.1', java.version: '1.8.0_77'
Driver info: driver.version: unknown
	at <anonymous class>.FirefoxDriver.prototype.findElementInternal_(file:///C:/Users/200123/AppData/Local/Temp/anonymous8721010986393994601webdriver-profile/extensions/fxdriver@googlecode.com/components/driver-component.js:10271)
	at <anonymous class>.fxdriver.Timer.prototype.setTimeout/<.notify(file:///C:/Users/200123/AppData/Local/Temp/anonymous8721010986393994601webdriver-profile/extensions/fxdriver@googlecode.com/components/driver-component.js:603)
]]>
            </full-stacktrace>
          </exception> <!-- org.openqa.selenium.NoSuchElementException -->
          <reporter-output>
          </reporter-output>
        </test-method> <!-- checkBalanceHistory -->
        <test-method status="PASS" signature="tearDown()[pri:0, instance:automationFramework.TestCases.BalanceHistoryTest@527740a2]" name="tearDown" is-config="true" duration-ms="702" started-at="2016-08-09T14:35:36Z" finished-at="2016-08-09T14:35:36Z">
          <reporter-output>
            <line>
              <![CDATA[TearDown Complete]]>
            </line>
          </reporter-output>
        </test-method> <!-- tearDown -->
        <test-method status="PASS" signature="setUp(java.lang.String)[pri:0, instance:automationFramework.TestCases.BalanceHistoryTest@527740a2]" name="setUp" is-config="true" duration-ms="12852" started-at="2016-08-09T14:35:36Z" finished-at="2016-08-09T14:35:49Z">
          <params>
            <param index="0">
              <value>
                <![CDATA[firefox.exe]]>
              </value>
            </param>
          </params>
          <reporter-output>
            <line>
              <![CDATA[firefox driver instantiated]]>
            </line>
          </reporter-output>
        </test-method> <!-- setUp -->
        <test-method status="FAIL" signature="checkBalanceHistoryDetail()[pri:0, instance:automationFramework.TestCases.BalanceHistoryTest@527740a2]" name="checkBalanceHistoryDetail" duration-ms="100478" started-at="2016-08-09T14:35:49Z" finished-at="2016-08-09T14:37:30Z">
          <exception class="org.openqa.selenium.NoSuchElementException">
            <message>
              <![CDATA[Unable to locate element: {"method":"xpath","selector":"//*[@id='balanceHistory_list_tbl']/div/div[1]/table/tbody/tr[1]/td[2]/span/span"}
Command duration or timeout: 60.07 seconds
For documentation on this error, please visit: http://seleniumhq.org/exceptions/no_such_element.html
Build info: version: '2.45.0', revision: '5017cb8e7ca8e37638dc3091b2440b90a1d8686f', time: '2015-02-27 09:10:26'
System info: host: 'NACTS-081729', ip: '172.28.0.111', os.name: 'Windows 7', os.arch: 'amd64', os.version: '6.1', java.version: '1.8.0_77'
Driver info: org.openqa.selenium.firefox.FirefoxDriver
Capabilities [{applicationCacheEnabled=false, rotatable=false, handlesAlerts=true, databaseEnabled=true, version=32.0, platform=WINDOWS, nativeEvents=false, acceptSslCerts=true, webStorageEnabled=true, locationContextEnabled=true, browserName=firefox, takesScreenshot=true, javascriptEnabled=true, cssSelectorsEnabled=true}]
Session ID: 546ace65-9ba1-44d8-8fc0-debd2e9b6d1c
*** Element info: {Using=xpath, value=//*[@id='balanceHistory_list_tbl']/div/div[1]/table/tbody/tr[1]/td[2]/span/span}]]>
            </message>
            <full-stacktrace>
              <![CDATA[org.openqa.selenium.NoSuchElementException: Unable to locate element: {"method":"xpath","selector":"//*[@id='balanceHistory_list_tbl']/div/div[1]/table/tbody/tr[1]/td[2]/span/span"}
Command duration or timeout: 60.07 seconds
For documentation on this error, please visit: http://seleniumhq.org/exceptions/no_such_element.html
Build info: version: '2.45.0', revision: '5017cb8e7ca8e37638dc3091b2440b90a1d8686f', time: '2015-02-27 09:10:26'
System info: host: 'NACTS-081729', ip: '172.28.0.111', os.name: 'Windows 7', os.arch: 'amd64', os.version: '6.1', java.version: '1.8.0_77'
Driver info: org.openqa.selenium.firefox.FirefoxDriver
Capabilities [{applicationCacheEnabled=false, rotatable=false, handlesAlerts=true, databaseEnabled=true, version=32.0, platform=WINDOWS, nativeEvents=false, acceptSslCerts=true, webStorageEnabled=true, locationContextEnabled=true, browserName=firefox, takesScreenshot=true, javascriptEnabled=true, cssSelectorsEnabled=true}]
Session ID: 546ace65-9ba1-44d8-8fc0-debd2e9b6d1c
*** Element info: {Using=xpath, value=//*[@id='balanceHistory_list_tbl']/div/div[1]/table/tbody/tr[1]/td[2]/span/span}
	at sun.reflect.NativeConstructorAccessorImpl.newInstance0(Native Method)
	at sun.reflect.NativeConstructorAccessorImpl.newInstance(Unknown Source)
	at sun.reflect.DelegatingConstructorAccessorImpl.newInstance(Unknown Source)
	at java.lang.reflect.Constructor.newInstance(Unknown Source)
	at org.openqa.selenium.remote.ErrorHandler.createThrowable(ErrorHandler.java:204)
	at org.openqa.selenium.remote.ErrorHandler.throwIfResponseFailed(ErrorHandler.java:156)
	at org.openqa.selenium.remote.RemoteWebDriver.execute(RemoteWebDriver.java:599)
	at org.openqa.selenium.remote.RemoteWebDriver.findElement(RemoteWebDriver.java:352)
	at org.openqa.selenium.remote.RemoteWebDriver.findElementByXPath(RemoteWebDriver.java:449)
	at org.openqa.selenium.By$ByXPath.findElement(By.java:357)
	at org.openqa.selenium.remote.RemoteWebDriver.findElement(RemoteWebDriver.java:344)
	at automationFramework.PageObjects.BalanceHistoryPage.clickFirstRecord(BalanceHistoryPage.java:55)
	at automationFramework.TestCases.BalanceHistoryTest.checkBalanceHistoryDetail(BalanceHistoryTest.java:81)
	at sun.reflect.NativeMethodAccessorImpl.invoke0(Native Method)
	at sun.reflect.NativeMethodAccessorImpl.invoke(Unknown Source)
	at sun.reflect.DelegatingMethodAccessorImpl.invoke(Unknown Source)
	at java.lang.reflect.Method.invoke(Unknown Source)
	at org.testng.internal.MethodInvocationHelper.invokeMethod(MethodInvocationHelper.java:80)
	at org.testng.internal.Invoker.invokeMethod(Invoker.java:714)
	at org.testng.internal.Invoker.invokeTestMethod(Invoker.java:901)
	at org.testng.internal.Invoker.invokeTestMethods(Invoker.java:1231)
	at org.testng.internal.TestMethodWorker.invokeTestMethods(TestMethodWorker.java:127)
	at org.testng.internal.TestMethodWorker.run(TestMethodWorker.java:111)
	at org.testng.TestRunner.privateRun(TestRunner.java:767)
	at org.testng.TestRunner.run(TestRunner.java:617)
	at org.testng.SuiteRunner.runTest(SuiteRunner.java:334)
	at org.testng.SuiteRunner.runSequentially(SuiteRunner.java:329)
	at org.testng.SuiteRunner.privateRun(SuiteRunner.java:291)
	at org.testng.SuiteRunner.run(SuiteRunner.java:240)
	at org.testng.SuiteRunnerWorker.runSuite(SuiteRunnerWorker.java:52)
	at org.testng.SuiteRunnerWorker.run(SuiteRunnerWorker.java:86)
	at org.testng.TestNG.runSuitesSequentially(TestNG.java:1198)
	at org.testng.TestNG.runSuitesLocally(TestNG.java:1123)
	at org.testng.TestNG.run(TestNG.java:1031)
	at org.apache.maven.surefire.testng.TestNGExecutor.run(TestNGExecutor.java:177)
	at org.apache.maven.surefire.testng.TestNGXmlTestSuite.execute(TestNGXmlTestSuite.java:92)
	at org.apache.maven.surefire.testng.TestNGProvider.invoke(TestNGProvider.java:105)
	at sun.reflect.NativeMethodAccessorImpl.invoke0(Native Method)
	at sun.reflect.NativeMethodAccessorImpl.invoke(Unknown Source)
	at sun.reflect.DelegatingMethodAccessorImpl.invoke(Unknown Source)
	at java.lang.reflect.Method.invoke(Unknown Source)
	at org.apache.maven.surefire.util.ReflectionUtils.invokeMethodWithArray(ReflectionUtils.java:189)
	at org.apache.maven.surefire.booter.ProviderFactory$ProviderProxy.invoke(ProviderFactory.java:165)
	at org.apache.maven.surefire.booter.ProviderFactory.invokeProvider(ProviderFactory.java:85)
	at org.apache.maven.surefire.booter.ForkedBooter.runSuitesInProcess(ForkedBooter.java:103)
	at org.apache.maven.surefire.booter.ForkedBooter.main(ForkedBooter.java:74)
Caused by: org.openqa.selenium.NoSuchElementException: Unable to locate element: {"method":"xpath","selector":"//*[@id='balanceHistory_list_tbl']/div/div[1]/table/tbody/tr[1]/td[2]/span/span"}
For documentation on this error, please visit: http://seleniumhq.org/exceptions/no_such_element.html
Build info: version: '2.45.0', revision: '5017cb8e7ca8e37638dc3091b2440b90a1d8686f', time: '2015-02-27 09:10:26'
System info: host: 'NACTS-081729', ip: '172.28.0.111', os.name: 'Windows 7', os.arch: 'amd64', os.version: '6.1', java.version: '1.8.0_77'
Driver info: driver.version: unknown
	at <anonymous class>.FirefoxDriver.prototype.findElementInternal_(file:///C:/Users/200123/AppData/Local/Temp/anonymous7308910939345875675webdriver-profile/extensions/fxdriver@googlecode.com/components/driver-component.js:10271)
	at <anonymous class>.fxdriver.Timer.prototype.setTimeout/<.notify(file:///C:/Users/200123/AppData/Local/Temp/anonymous7308910939345875675webdriver-profile/extensions/fxdriver@googlecode.com/components/driver-component.js:603)
]]>
            </full-stacktrace>
          </exception> <!-- org.openqa.selenium.NoSuchElementException -->
          <reporter-output>
          </reporter-output>
        </test-method> <!-- checkBalanceHistoryDetail -->
        <test-method status="PASS" signature="tearDown()[pri:0, instance:automationFramework.TestCases.BalanceHistoryTest@527740a2]" name="tearDown" is-config="true" duration-ms="717" started-at="2016-08-09T14:37:30Z" finished-at="2016-08-09T14:37:30Z">
          <reporter-output>
            <line>
              <![CDATA[TearDown Complete]]>
            </line>
          </reporter-output>
        </test-method> <!-- tearDown -->
      </class> <!-- automationFramework.TestCases.BalanceHistoryTest -->
      <class name="automationFramework.TestCases.LinkAccountTest">
        <test-method status="PASS" signature="setUp(java.lang.String)[pri:0, instance:automationFramework.TestCases.LinkAccountTest@31610302]" name="setUp" is-config="true" duration-ms="12636" started-at="2016-08-09T14:30:10Z" finished-at="2016-08-09T14:30:23Z">
          <params>
            <param index="0">
              <value>
                <![CDATA[firefox.exe]]>
              </value>
            </param>
          </params>
          <reporter-output>
            <line>
              <![CDATA[firefox driver instantiated]]>
            </line>
          </reporter-output>
        </test-method> <!-- setUp -->
        <test-method status="PASS" signature="linkAccountBankNumberMissingTest()[pri:0, instance:automationFramework.TestCases.LinkAccountTest@31610302]" name="linkAccountBankNumberMissingTest" duration-ms="53427" started-at="2016-08-09T14:30:23Z" finished-at="2016-08-09T14:31:16Z">
          <reporter-output>
          </reporter-output>
        </test-method> <!-- linkAccountBankNumberMissingTest -->
        <test-method status="PASS" signature="tearDown()[pri:0, instance:automationFramework.TestCases.LinkAccountTest@31610302]" name="tearDown" is-config="true" duration-ms="766" started-at="2016-08-09T14:31:16Z" finished-at="2016-08-09T14:31:17Z">
          <reporter-output>
            <line>
              <![CDATA[TearDown Complete]]>
            </line>
          </reporter-output>
        </test-method> <!-- tearDown -->
        <test-method status="PASS" signature="setUp(java.lang.String)[pri:0, instance:automationFramework.TestCases.LinkAccountTest@31610302]" name="setUp" is-config="true" duration-ms="10422" started-at="2016-08-09T14:31:17Z" finished-at="2016-08-09T14:31:27Z">
          <params>
            <param index="0">
              <value>
                <![CDATA[firefox.exe]]>
              </value>
            </param>
          </params>
          <reporter-output>
            <line>
              <![CDATA[firefox driver instantiated]]>
            </line>
          </reporter-output>
        </test-method> <!-- setUp -->
        <test-method status="PASS" signature="linkAccountCancelTest()[pri:0, instance:automationFramework.TestCases.LinkAccountTest@31610302]" name="linkAccountCancelTest" duration-ms="75254" started-at="2016-08-09T14:31:27Z" finished-at="2016-08-09T14:32:42Z">
          <reporter-output>
          </reporter-output>
        </test-method> <!-- linkAccountCancelTest -->
        <test-method status="PASS" signature="tearDown()[pri:0, instance:automationFramework.TestCases.LinkAccountTest@31610302]" name="tearDown" is-config="true" duration-ms="415" started-at="2016-08-09T14:32:42Z" finished-at="2016-08-09T14:32:43Z">
          <reporter-output>
            <line>
              <![CDATA[TearDown Complete]]>
            </line>
          </reporter-output>
        </test-method> <!-- tearDown -->
        <test-method status="PASS" signature="setUp(java.lang.String)[pri:0, instance:automationFramework.TestCases.LinkAccountTest@31610302]" name="setUp" is-config="true" duration-ms="12933" started-at="2016-08-09T14:32:43Z" finished-at="2016-08-09T14:32:56Z">
          <params>
            <param index="0">
              <value>
                <![CDATA[firefox.exe]]>
              </value>
            </param>
          </params>
          <reporter-output>
            <line>
              <![CDATA[firefox driver instantiated]]>
            </line>
          </reporter-output>
        </test-method> <!-- setUp -->
        <test-method status="PASS" signature="linkAccountCardExpirationMissingTest()[pri:0, instance:automationFramework.TestCases.LinkAccountTest@31610302]" name="linkAccountCardExpirationMissingTest" duration-ms="48587" started-at="2016-08-09T14:32:56Z" finished-at="2016-08-09T14:33:44Z">
          <reporter-output>
          </reporter-output>
        </test-method> <!-- linkAccountCardExpirationMissingTest -->
        <test-method status="PASS" signature="tearDown()[pri:0, instance:automationFramework.TestCases.LinkAccountTest@31610302]" name="tearDown" is-config="true" duration-ms="371" started-at="2016-08-09T14:33:44Z" finished-at="2016-08-09T14:33:45Z">
          <reporter-output>
            <line>
              <![CDATA[TearDown Complete]]>
            </line>
          </reporter-output>
        </test-method> <!-- tearDown -->
      </class> <!-- automationFramework.TestCases.LinkAccountTest -->
      <class name="automationFramework.TestCases.CreateFundingDBTest">
        <test-method status="PASS" signature="setUp(java.lang.String)[pri:0, instance:automationFramework.TestCases.CreateFundingDBTest@370736d9]" name="setUp" is-config="true" duration-ms="12734" started-at="2016-08-09T14:47:19Z" finished-at="2016-08-09T14:47:32Z">
          <params>
            <param index="0">
              <value>
                <![CDATA[firefox.exe]]>
              </value>
            </param>
          </params>
          <reporter-output>
            <line>
              <![CDATA[firefox driver instantiated]]>
            </line>
          </reporter-output>
        </test-method> <!-- setUp -->
        <test-method status="PASS" signature="createNewFundingCancelDBcheck()[pri:0, instance:automationFramework.TestCases.CreateFundingDBTest@370736d9]" name="createNewFundingCancelDBcheck" duration-ms="79138" started-at="2016-08-09T14:47:32Z" finished-at="2016-08-09T14:48:51Z">
          <reporter-output>
          </reporter-output>
        </test-method> <!-- createNewFundingCancelDBcheck -->
        <test-method status="PASS" signature="tearDown()[pri:0, instance:automationFramework.TestCases.CreateFundingDBTest@370736d9]" name="tearDown" is-config="true" duration-ms="693" started-at="2016-08-09T14:48:51Z" finished-at="2016-08-09T14:48:52Z">
          <reporter-output>
            <line>
              <![CDATA[TearDown Completed]]>
            </line>
          </reporter-output>
        </test-method> <!-- tearDown -->
        <test-method status="PASS" signature="setUp(java.lang.String)[pri:0, instance:automationFramework.TestCases.CreateFundingDBTest@370736d9]" name="setUp" is-config="true" duration-ms="12356" started-at="2016-08-09T14:48:52Z" finished-at="2016-08-09T14:49:04Z">
          <params>
            <param index="0">
              <value>
                <![CDATA[firefox.exe]]>
              </value>
            </param>
          </params>
          <reporter-output>
            <line>
              <![CDATA[firefox driver instantiated]]>
            </line>
          </reporter-output>
        </test-method> <!-- setUp -->
        <test-method status="PASS" signature="createNewFundingCreditCardDBcheck()[pri:0, instance:automationFramework.TestCases.CreateFundingDBTest@370736d9]" name="createNewFundingCreditCardDBcheck" duration-ms="74285" started-at="2016-08-09T14:49:04Z" finished-at="2016-08-09T14:50:18Z">
          <reporter-output>
          </reporter-output>
        </test-method> <!-- createNewFundingCreditCardDBcheck -->
        <test-method status="PASS" signature="tearDown()[pri:0, instance:automationFramework.TestCases.CreateFundingDBTest@370736d9]" name="tearDown" is-config="true" duration-ms="635" started-at="2016-08-09T14:50:18Z" finished-at="2016-08-09T14:50:19Z">
          <reporter-output>
            <line>
              <![CDATA[TearDown Completed]]>
            </line>
          </reporter-output>
        </test-method> <!-- tearDown -->
        <test-method status="PASS" signature="setUp(java.lang.String)[pri:0, instance:automationFramework.TestCases.CreateFundingDBTest@370736d9]" name="setUp" is-config="true" duration-ms="12784" started-at="2016-08-09T14:50:19Z" finished-at="2016-08-09T14:50:32Z">
          <params>
            <param index="0">
              <value>
                <![CDATA[firefox.exe]]>
              </value>
            </param>
          </params>
          <reporter-output>
            <line>
              <![CDATA[firefox driver instantiated]]>
            </line>
          </reporter-output>
        </test-method> <!-- setUp -->
        <test-method status="PASS" signature="createNewFundingDBcheck()[pri:0, instance:automationFramework.TestCases.CreateFundingDBTest@370736d9]" name="createNewFundingDBcheck" duration-ms="85099" started-at="2016-08-09T14:50:32Z" finished-at="2016-08-09T14:51:57Z">
          <reporter-output>
          </reporter-output>
        </test-method> <!-- createNewFundingDBcheck -->
        <test-method status="PASS" signature="tearDown()[pri:0, instance:automationFramework.TestCases.CreateFundingDBTest@370736d9]" name="tearDown" is-config="true" duration-ms="662" started-at="2016-08-09T14:51:57Z" finished-at="2016-08-09T14:51:58Z">
          <reporter-output>
            <line>
              <![CDATA[TearDown Completed]]>
            </line>
          </reporter-output>
        </test-method> <!-- tearDown -->
      </class> <!-- automationFramework.TestCases.CreateFundingDBTest -->
      <class name="automationFramework.TestCases.CreateOrderTest">
        <test-method status="PASS" signature="setUp(java.lang.String)[pri:0, instance:automationFramework.TestCases.CreateOrderTest@20398b7c]" name="setUp" is-config="true" duration-ms="13009" started-at="2016-08-09T14:40:57Z" finished-at="2016-08-09T14:41:10Z">
          <params>
            <param index="0">
              <value>
                <![CDATA[firefox.exe]]>
              </value>
            </param>
          </params>
          <reporter-output>
            <line>
              <![CDATA[firefox driver instantiated]]>
            </line>
          </reporter-output>
        </test-method> <!-- setUp -->
        <test-method status="PASS" signature="createOrderSubmit()[pri:0, instance:automationFramework.TestCases.CreateOrderTest@20398b7c]" name="createOrderSubmit" duration-ms="98237" started-at="2016-08-09T14:41:10Z" finished-at="2016-08-09T14:42:48Z">
          <reporter-output>
          </reporter-output>
        </test-method> <!-- createOrderSubmit -->
        <test-method status="PASS" signature="tearDown()[pri:0, instance:automationFramework.TestCases.CreateOrderTest@20398b7c]" name="tearDown" is-config="true" duration-ms="727" started-at="2016-08-09T14:42:48Z" finished-at="2016-08-09T14:42:49Z">
          <reporter-output>
            <line>
              <![CDATA[TearDown Complete]]>
            </line>
          </reporter-output>
        </test-method> <!-- tearDown -->
        <test-method status="PASS" signature="setUp(java.lang.String)[pri:0, instance:automationFramework.TestCases.CreateOrderTest@20398b7c]" name="setUp" is-config="true" duration-ms="13694" started-at="2016-08-09T14:42:49Z" finished-at="2016-08-09T14:43:03Z">
          <params>
            <param index="0">
              <value>
                <![CDATA[firefox.exe]]>
              </value>
            </param>
          </params>
          <reporter-output>
            <line>
              <![CDATA[firefox driver instantiated]]>
            </line>
          </reporter-output>
        </test-method> <!-- setUp -->
        <test-method status="PASS" signature="createOrderCancel()[pri:0, instance:automationFramework.TestCases.CreateOrderTest@20398b7c]" name="createOrderCancel" duration-ms="96021" started-at="2016-08-09T14:43:03Z" finished-at="2016-08-09T14:44:39Z">
          <reporter-output>
          </reporter-output>
        </test-method> <!-- createOrderCancel -->
        <test-method status="PASS" signature="tearDown()[pri:0, instance:automationFramework.TestCases.CreateOrderTest@20398b7c]" name="tearDown" is-config="true" duration-ms="473" started-at="2016-08-09T14:44:39Z" finished-at="2016-08-09T14:44:39Z">
          <reporter-output>
            <line>
              <![CDATA[TearDown Complete]]>
            </line>
          </reporter-output>
        </test-method> <!-- tearDown -->
      </class> <!-- automationFramework.TestCases.CreateOrderTest -->
      <class name="automationFramework.TestCases.SearchTest">
        <test-method status="PASS" signature="setUp(java.lang.String)[pri:0, instance:automationFramework.TestCases.SearchTest@6fc6f14e]" name="setUp" is-config="true" duration-ms="10786" started-at="2016-08-09T14:11:49Z" finished-at="2016-08-09T14:12:00Z">
          <params>
            <param index="0">
              <value>
                <![CDATA[firefox.exe]]>
              </value>
            </param>
          </params>
          <reporter-output>
            <line>
              <![CDATA[firefox driver instantiated]]>
            </line>
          </reporter-output>
        </test-method> <!-- setUp -->
        <test-method status="PASS" signature="searchCustomerVerifiedTest()[pri:0, instance:automationFramework.TestCases.SearchTest@6fc6f14e]" name="searchCustomerVerifiedTest" duration-ms="31938" started-at="2016-08-09T14:12:00Z" finished-at="2016-08-09T14:12:32Z">
          <reporter-output>
          </reporter-output>
        </test-method> <!-- searchCustomerVerifiedTest -->
        <test-method status="PASS" signature="tearDown()[pri:0, instance:automationFramework.TestCases.SearchTest@6fc6f14e]" name="tearDown" is-config="true" duration-ms="2685" started-at="2016-08-09T14:12:32Z" finished-at="2016-08-09T14:12:34Z">
          <reporter-output>
            <line>
              <![CDATA[TearDown Complete]]>
            </line>
          </reporter-output>
        </test-method> <!-- tearDown -->
        <test-method status="PASS" signature="setUp(java.lang.String)[pri:0, instance:automationFramework.TestCases.SearchTest@6fc6f14e]" name="setUp" is-config="true" duration-ms="8179" started-at="2016-08-09T14:12:34Z" finished-at="2016-08-09T14:12:43Z">
          <params>
            <param index="0">
              <value>
                <![CDATA[firefox.exe]]>
              </value>
            </param>
          </params>
          <reporter-output>
            <line>
              <![CDATA[firefox driver instantiated]]>
            </line>
          </reporter-output>
        </test-method> <!-- setUp -->
        <test-method status="PASS" signature="searchCustomerNotVerifiedTest()[pri:0, instance:automationFramework.TestCases.SearchTest@6fc6f14e]" name="searchCustomerNotVerifiedTest" duration-ms="37939" started-at="2016-08-09T14:12:43Z" finished-at="2016-08-09T14:13:20Z">
          <reporter-output>
          </reporter-output>
        </test-method> <!-- searchCustomerNotVerifiedTest -->
        <test-method status="PASS" signature="tearDown()[pri:0, instance:automationFramework.TestCases.SearchTest@6fc6f14e]" name="tearDown" is-config="true" duration-ms="583" started-at="2016-08-09T14:13:20Z" finished-at="2016-08-09T14:13:21Z">
          <reporter-output>
            <line>
              <![CDATA[TearDown Complete]]>
            </line>
          </reporter-output>
        </test-method> <!-- tearDown -->
        <test-method status="PASS" signature="setUp(java.lang.String)[pri:0, instance:automationFramework.TestCases.SearchTest@6fc6f14e]" name="setUp" is-config="true" duration-ms="12108" started-at="2016-08-09T14:13:21Z" finished-at="2016-08-09T14:13:33Z">
          <params>
            <param index="0">
              <value>
                <![CDATA[firefox.exe]]>
              </value>
            </param>
          </params>
          <reporter-output>
            <line>
              <![CDATA[firefox driver instantiated]]>
            </line>
          </reporter-output>
        </test-method> <!-- setUp -->
        <test-method status="PASS" signature="searchCustomerNoResultsTest()[pri:0, instance:automationFramework.TestCases.SearchTest@6fc6f14e]" name="searchCustomerNoResultsTest" duration-ms="28087" started-at="2016-08-09T14:13:33Z" finished-at="2016-08-09T14:14:01Z">
          <reporter-output>
          </reporter-output>
        </test-method> <!-- searchCustomerNoResultsTest -->
        <test-method status="PASS" signature="tearDown()[pri:0, instance:automationFramework.TestCases.SearchTest@6fc6f14e]" name="tearDown" is-config="true" duration-ms="541" started-at="2016-08-09T14:14:01Z" finished-at="2016-08-09T14:14:02Z">
          <reporter-output>
            <line>
              <![CDATA[TearDown Complete]]>
            </line>
          </reporter-output>
        </test-method> <!-- tearDown -->
        <test-method status="PASS" signature="setUp(java.lang.String)[pri:0, instance:automationFramework.TestCases.SearchTest@6fc6f14e]" name="setUp" is-config="true" duration-ms="12214" started-at="2016-08-09T14:14:02Z" finished-at="2016-08-09T14:14:14Z">
          <params>
            <param index="0">
              <value>
                <![CDATA[firefox.exe]]>
              </value>
            </param>
          </params>
          <reporter-output>
            <line>
              <![CDATA[firefox driver instantiated]]>
            </line>
          </reporter-output>
        </test-method> <!-- setUp -->
        <test-method status="PASS" signature="searchCustomerTypeNotSelected()[pri:0, instance:automationFramework.TestCases.SearchTest@6fc6f14e]" name="searchCustomerTypeNotSelected" duration-ms="20792" started-at="2016-08-09T14:14:14Z" finished-at="2016-08-09T14:14:35Z">
          <reporter-output>
          </reporter-output>
        </test-method> <!-- searchCustomerTypeNotSelected -->
        <test-method status="PASS" signature="tearDown()[pri:0, instance:automationFramework.TestCases.SearchTest@6fc6f14e]" name="tearDown" is-config="true" duration-ms="493" started-at="2016-08-09T14:14:35Z" finished-at="2016-08-09T14:14:35Z">
          <reporter-output>
            <line>
              <![CDATA[TearDown Complete]]>
            </line>
          </reporter-output>
        </test-method> <!-- tearDown -->
        <test-method status="PASS" signature="setUp(java.lang.String)[pri:0, instance:automationFramework.TestCases.SearchTest@6fc6f14e]" name="setUp" is-config="true" duration-ms="9545" started-at="2016-08-09T14:14:35Z" finished-at="2016-08-09T14:14:45Z">
          <params>
            <param index="0">
              <value>
                <![CDATA[firefox.exe]]>
              </value>
            </param>
          </params>
          <reporter-output>
            <line>
              <![CDATA[firefox driver instantiated]]>
            </line>
          </reporter-output>
        </test-method> <!-- setUp -->
        <test-method status="PASS" signature="searchCustomerInvalidEmail()[pri:0, instance:automationFramework.TestCases.SearchTest@6fc6f14e]" name="searchCustomerInvalidEmail" duration-ms="29827" started-at="2016-08-09T14:14:45Z" finished-at="2016-08-09T14:15:15Z">
          <reporter-output>
          </reporter-output>
        </test-method> <!-- searchCustomerInvalidEmail -->
        <test-method status="PASS" signature="tearDown()[pri:0, instance:automationFramework.TestCases.SearchTest@6fc6f14e]" name="tearDown" is-config="true" duration-ms="559" started-at="2016-08-09T14:15:15Z" finished-at="2016-08-09T14:15:15Z">
          <reporter-output>
            <line>
              <![CDATA[TearDown Complete]]>
            </line>
          </reporter-output>
        </test-method> <!-- tearDown -->
        <test-method status="PASS" signature="setUp(java.lang.String)[pri:0, instance:automationFramework.TestCases.SearchTest@6fc6f14e]" name="setUp" is-config="true" duration-ms="12336" started-at="2016-08-09T14:15:15Z" finished-at="2016-08-09T14:15:28Z">
          <params>
            <param index="0">
              <value>
                <![CDATA[firefox.exe]]>
              </value>
            </param>
          </params>
          <reporter-output>
            <line>
              <![CDATA[firefox driver instantiated]]>
            </line>
          </reporter-output>
        </test-method> <!-- setUp -->
        <test-method status="PASS" signature="searchCustomerCheckDuplicateTestFname()[pri:0, instance:automationFramework.TestCases.SearchTest@6fc6f14e]" name="searchCustomerCheckDuplicateTestFname" duration-ms="30007" started-at="2016-08-09T14:15:28Z" finished-at="2016-08-09T14:15:58Z">
          <reporter-output>
          </reporter-output>
        </test-method> <!-- searchCustomerCheckDuplicateTestFname -->
        <test-method status="PASS" signature="tearDown()[pri:0, instance:automationFramework.TestCases.SearchTest@6fc6f14e]" name="tearDown" is-config="true" duration-ms="671" started-at="2016-08-09T14:15:58Z" finished-at="2016-08-09T14:15:58Z">
          <reporter-output>
            <line>
              <![CDATA[TearDown Complete]]>
            </line>
          </reporter-output>
        </test-method> <!-- tearDown -->
        <test-method status="PASS" signature="setUp(java.lang.String)[pri:0, instance:automationFramework.TestCases.SearchTest@6fc6f14e]" name="setUp" is-config="true" duration-ms="13364" started-at="2016-08-09T14:15:58Z" finished-at="2016-08-09T14:16:12Z">
          <params>
            <param index="0">
              <value>
                <![CDATA[firefox.exe]]>
              </value>
            </param>
          </params>
          <reporter-output>
            <line>
              <![CDATA[firefox driver instantiated]]>
            </line>
          </reporter-output>
        </test-method> <!-- setUp -->
        <test-method status="PASS" signature="searchCustomerCheckDuplicateTestLname()[pri:0, instance:automationFramework.TestCases.SearchTest@6fc6f14e]" name="searchCustomerCheckDuplicateTestLname" duration-ms="30590" started-at="2016-08-09T14:16:12Z" finished-at="2016-08-09T14:16:42Z">
          <reporter-output>
          </reporter-output>
        </test-method> <!-- searchCustomerCheckDuplicateTestLname -->
        <test-method status="PASS" signature="tearDown()[pri:0, instance:automationFramework.TestCases.SearchTest@6fc6f14e]" name="tearDown" is-config="true" duration-ms="762" started-at="2016-08-09T14:16:42Z" finished-at="2016-08-09T14:16:43Z">
          <reporter-output>
            <line>
              <![CDATA[TearDown Complete]]>
            </line>
          </reporter-output>
        </test-method> <!-- tearDown -->
        <test-method status="PASS" signature="setUp(java.lang.String)[pri:0, instance:automationFramework.TestCases.SearchTest@6fc6f14e]" name="setUp" is-config="true" duration-ms="13327" started-at="2016-08-09T14:16:43Z" finished-at="2016-08-09T14:16:56Z">
          <params>
            <param index="0">
              <value>
                <![CDATA[firefox.exe]]>
              </value>
            </param>
          </params>
          <reporter-output>
            <line>
              <![CDATA[firefox driver instantiated]]>
            </line>
          </reporter-output>
        </test-method> <!-- setUp -->
        <test-method status="PASS" signature="searchCustomerCheckDuplicateTestFnameLname()[pri:0, instance:automationFramework.TestCases.SearchTest@6fc6f14e]" name="searchCustomerCheckDuplicateTestFnameLname" duration-ms="33663" started-at="2016-08-09T14:16:56Z" finished-at="2016-08-09T14:17:30Z">
          <reporter-output>
          </reporter-output>
        </test-method> <!-- searchCustomerCheckDuplicateTestFnameLname -->
        <test-method status="PASS" signature="tearDown()[pri:0, instance:automationFramework.TestCases.SearchTest@6fc6f14e]" name="tearDown" is-config="true" duration-ms="643" started-at="2016-08-09T14:17:30Z" finished-at="2016-08-09T14:17:31Z">
          <reporter-output>
            <line>
              <![CDATA[TearDown Complete]]>
            </line>
          </reporter-output>
        </test-method> <!-- tearDown -->
        <test-method status="PASS" signature="setUp(java.lang.String)[pri:0, instance:automationFramework.TestCases.SearchTest@6fc6f14e]" name="setUp" is-config="true" duration-ms="11788" started-at="2016-08-09T14:17:31Z" finished-at="2016-08-09T14:17:42Z">
          <params>
            <param index="0">
              <value>
                <![CDATA[firefox.exe]]>
              </value>
            </param>
          </params>
          <reporter-output>
            <line>
              <![CDATA[firefox driver instantiated]]>
            </line>
          </reporter-output>
        </test-method> <!-- setUp -->
        <test-method status="PASS" signature="searchCustomerCheckDuplicateTestPhone()[pri:0, instance:automationFramework.TestCases.SearchTest@6fc6f14e]" name="searchCustomerCheckDuplicateTestPhone" duration-ms="31681" started-at="2016-08-09T14:17:42Z" finished-at="2016-08-09T14:18:14Z">
          <reporter-output>
          </reporter-output>
        </test-method> <!-- searchCustomerCheckDuplicateTestPhone -->
        <test-method status="PASS" signature="tearDown()[pri:0, instance:automationFramework.TestCases.SearchTest@6fc6f14e]" name="tearDown" is-config="true" duration-ms="811" started-at="2016-08-09T14:18:14Z" finished-at="2016-08-09T14:18:15Z">
          <reporter-output>
            <line>
              <![CDATA[TearDown Complete]]>
            </line>
          </reporter-output>
        </test-method> <!-- tearDown -->
        <test-method status="PASS" signature="setUp(java.lang.String)[pri:0, instance:automationFramework.TestCases.SearchTest@6fc6f14e]" name="setUp" is-config="true" duration-ms="10891" started-at="2016-08-09T14:18:15Z" finished-at="2016-08-09T14:18:26Z">
          <params>
            <param index="0">
              <value>
                <![CDATA[firefox.exe]]>
              </value>
            </param>
          </params>
          <reporter-output>
            <line>
              <![CDATA[firefox driver instantiated]]>
            </line>
          </reporter-output>
        </test-method> <!-- setUp -->
        <test-method status="PASS" signature="searchCustomerCheckDuplicateTestEmail()[pri:0, instance:automationFramework.TestCases.SearchTest@6fc6f14e]" name="searchCustomerCheckDuplicateTestEmail" duration-ms="29873" started-at="2016-08-09T14:18:26Z" finished-at="2016-08-09T14:18:56Z">
          <reporter-output>
          </reporter-output>
        </test-method> <!-- searchCustomerCheckDuplicateTestEmail -->
        <test-method status="PASS" signature="tearDown()[pri:0, instance:automationFramework.TestCases.SearchTest@6fc6f14e]" name="tearDown" is-config="true" duration-ms="981" started-at="2016-08-09T14:18:56Z" finished-at="2016-08-09T14:18:57Z">
          <reporter-output>
            <line>
              <![CDATA[TearDown Complete]]>
            </line>
          </reporter-output>
        </test-method> <!-- tearDown -->
        <test-method status="PASS" signature="setUp(java.lang.String)[pri:0, instance:automationFramework.TestCases.SearchTest@6fc6f14e]" name="setUp" is-config="true" duration-ms="12227" started-at="2016-08-09T14:18:57Z" finished-at="2016-08-09T14:19:09Z">
          <params>
            <param index="0">
              <value>
                <![CDATA[firefox.exe]]>
              </value>
            </param>
          </params>
          <reporter-output>
            <line>
              <![CDATA[firefox driver instantiated]]>
            </line>
          </reporter-output>
        </test-method> <!-- setUp -->
        <test-method status="PASS" signature="searchCustomerCheckDuplicateTestEmailPhone()[pri:0, instance:automationFramework.TestCases.SearchTest@6fc6f14e]" name="searchCustomerCheckDuplicateTestEmailPhone" duration-ms="33702" started-at="2016-08-09T14:19:09Z" finished-at="2016-08-09T14:19:43Z">
          <reporter-output>
          </reporter-output>
        </test-method> <!-- searchCustomerCheckDuplicateTestEmailPhone -->
        <test-method status="PASS" signature="tearDown()[pri:0, instance:automationFramework.TestCases.SearchTest@6fc6f14e]" name="tearDown" is-config="true" duration-ms="590" started-at="2016-08-09T14:19:43Z" finished-at="2016-08-09T14:19:43Z">
          <reporter-output>
            <line>
              <![CDATA[TearDown Complete]]>
            </line>
          </reporter-output>
        </test-method> <!-- tearDown -->
        <test-method status="PASS" signature="setUp(java.lang.String)[pri:0, instance:automationFramework.TestCases.SearchTest@6fc6f14e]" name="setUp" is-config="true" duration-ms="12025" started-at="2016-08-09T14:19:43Z" finished-at="2016-08-09T14:19:55Z">
          <params>
            <param index="0">
              <value>
                <![CDATA[firefox.exe]]>
              </value>
            </param>
          </params>
          <reporter-output>
            <line>
              <![CDATA[firefox driver instantiated]]>
            </line>
          </reporter-output>
        </test-method> <!-- setUp -->
        <test-method status="PASS" signature="searchCustomerCheckDuplicateTestAll()[pri:0, instance:automationFramework.TestCases.SearchTest@6fc6f14e]" name="searchCustomerCheckDuplicateTestAll" duration-ms="36434" started-at="2016-08-09T14:19:55Z" finished-at="2016-08-09T14:20:32Z">
          <reporter-output>
          </reporter-output>
        </test-method> <!-- searchCustomerCheckDuplicateTestAll -->
        <test-method status="PASS" signature="tearDown()[pri:0, instance:automationFramework.TestCases.SearchTest@6fc6f14e]" name="tearDown" is-config="true" duration-ms="586" started-at="2016-08-09T14:20:32Z" finished-at="2016-08-09T14:20:32Z">
          <reporter-output>
            <line>
              <![CDATA[TearDown Complete]]>
            </line>
          </reporter-output>
        </test-method> <!-- tearDown -->
      </class> <!-- automationFramework.TestCases.SearchTest -->
      <class name="automationFramework.TestCases.EmailTest">
        <test-method status="PASS" signature="setUp(java.lang.String)[pri:0, instance:automationFramework.TestCases.EmailTest@56235b8e]" name="setUp" is-config="true" duration-ms="14525" started-at="2016-08-09T14:37:30Z" finished-at="2016-08-09T14:37:45Z">
          <params>
            <param index="0">
              <value>
                <![CDATA[firefox.exe]]>
              </value>
            </param>
          </params>
          <reporter-output>
            <line>
              <![CDATA[firefox driver instantiated]]>
            </line>
          </reporter-output>
        </test-method> <!-- setUp -->
        <test-method status="PASS" signature="checkEmailCreateOrder()[pri:0, instance:automationFramework.TestCases.EmailTest@56235b8e]" name="checkEmailCreateOrder" duration-ms="112219" started-at="2016-08-09T14:37:45Z" finished-at="2016-08-09T14:39:37Z">
          <reporter-output>
          </reporter-output>
        </test-method> <!-- checkEmailCreateOrder -->
        <test-method status="PASS" signature="tearDown()[pri:0, instance:automationFramework.TestCases.EmailTest@56235b8e]" name="tearDown" is-config="true" duration-ms="570" started-at="2016-08-09T14:39:37Z" finished-at="2016-08-09T14:39:38Z">
          <reporter-output>
            <line>
              <![CDATA[TearDown Complete]]>
            </line>
          </reporter-output>
        </test-method> <!-- tearDown -->
        <test-method status="PASS" signature="setUp(java.lang.String)[pri:0, instance:automationFramework.TestCases.EmailTest@56235b8e]" name="setUp" is-config="true" duration-ms="10648" started-at="2016-08-09T14:39:38Z" finished-at="2016-08-09T14:39:48Z">
          <params>
            <param index="0">
              <value>
                <![CDATA[firefox.exe]]>
              </value>
            </param>
          </params>
          <reporter-output>
            <line>
              <![CDATA[firefox driver instantiated]]>
            </line>
          </reporter-output>
        </test-method> <!-- setUp -->
        <test-method status="PASS" signature="checkEmailNewCustomer()[pri:0, instance:automationFramework.TestCases.EmailTest@56235b8e]" name="checkEmailNewCustomer" duration-ms="68203" started-at="2016-08-09T14:39:48Z" finished-at="2016-08-09T14:40:57Z">
          <reporter-output>
          </reporter-output>
        </test-method> <!-- checkEmailNewCustomer -->
        <test-method status="PASS" signature="tearDown()[pri:0, instance:automationFramework.TestCases.EmailTest@56235b8e]" name="tearDown" is-config="true" duration-ms="580" started-at="2016-08-09T14:40:57Z" finished-at="2016-08-09T14:40:57Z">
          <reporter-output>
            <line>
              <![CDATA[TearDown Complete]]>
            </line>
          </reporter-output>
        </test-method> <!-- tearDown -->
      </class> <!-- automationFramework.TestCases.EmailTest -->
      <class name="automationFramework.TestCases.TravelHistoryTest">
        <test-method status="PASS" signature="setUp(java.lang.String)[pri:0, instance:automationFramework.TestCases.TravelHistoryTest@13a5fe33]" name="setUp" is-config="true" duration-ms="11531" started-at="2016-08-09T14:44:39Z" finished-at="2016-08-09T14:44:51Z">
          <params>
            <param index="0">
              <value>
                <![CDATA[firefox.exe]]>
              </value>
            </param>
          </params>
          <reporter-output>
            <line>
              <![CDATA[firefox driver instantiated]]>
            </line>
          </reporter-output>
        </test-method> <!-- setUp -->
        <test-method status="FAIL" signature="checkTravelHistory()[pri:0, instance:automationFramework.TestCases.TravelHistoryTest@13a5fe33]" name="checkTravelHistory" duration-ms="147768" started-at="2016-08-09T14:44:51Z" finished-at="2016-08-09T14:47:19Z">
          <exception class="org.openqa.selenium.TimeoutException">
            <message>
              <![CDATA[Timed out after 90 seconds waiting for visibility of element located by By.xpath: //*[@id='customerContacts_list_tbl']/div/div[1]/table/tbody/tr[1]/td[1]/span
Build info: version: '2.45.0', revision: '5017cb8e7ca8e37638dc3091b2440b90a1d8686f', time: '2015-02-27 09:10:26'
System info: host: 'NACTS-081729', ip: '172.28.0.111', os.name: 'Windows 7', os.arch: 'amd64', os.version: '6.1', java.version: '1.8.0_77'
Driver info: org.openqa.selenium.firefox.FirefoxDriver
Capabilities [{applicationCacheEnabled=false, rotatable=false, handlesAlerts=true, databaseEnabled=true, version=32.0, platform=WINDOWS, nativeEvents=false, acceptSslCerts=true, webStorageEnabled=true, locationContextEnabled=true, browserName=firefox, takesScreenshot=true, javascriptEnabled=true, cssSelectorsEnabled=true}]
Session ID: c9341c7e-36b8-4976-9fd9-ec9994b169ed]]>
            </message>
            <full-stacktrace>
              <![CDATA[org.openqa.selenium.TimeoutException: Timed out after 90 seconds waiting for visibility of element located by By.xpath: //*[@id='customerContacts_list_tbl']/div/div[1]/table/tbody/tr[1]/td[1]/span
Build info: version: '2.45.0', revision: '5017cb8e7ca8e37638dc3091b2440b90a1d8686f', time: '2015-02-27 09:10:26'
System info: host: 'NACTS-081729', ip: '172.28.0.111', os.name: 'Windows 7', os.arch: 'amd64', os.version: '6.1', java.version: '1.8.0_77'
Driver info: org.openqa.selenium.firefox.FirefoxDriver
Capabilities [{applicationCacheEnabled=false, rotatable=false, handlesAlerts=true, databaseEnabled=true, version=32.0, platform=WINDOWS, nativeEvents=false, acceptSslCerts=true, webStorageEnabled=true, locationContextEnabled=true, browserName=firefox, takesScreenshot=true, javascriptEnabled=true, cssSelectorsEnabled=true}]
Session ID: c9341c7e-36b8-4976-9fd9-ec9994b169ed
	at org.openqa.selenium.support.ui.WebDriverWait.timeoutException(WebDriverWait.java:79)
	at org.openqa.selenium.support.ui.FluentWait.until(FluentWait.java:228)
	at automationFramework.PageObjects.SearchPage.clickRecord(SearchPage.java:87)
	at automationFramework.TestCases.TravelHistoryTest.checkTravelHistory(TravelHistoryTest.java:56)
	at sun.reflect.NativeMethodAccessorImpl.invoke0(Native Method)
	at sun.reflect.NativeMethodAccessorImpl.invoke(Unknown Source)
	at sun.reflect.DelegatingMethodAccessorImpl.invoke(Unknown Source)
	at java.lang.reflect.Method.invoke(Unknown Source)
	at org.testng.internal.MethodInvocationHelper.invokeMethod(MethodInvocationHelper.java:80)
	at org.testng.internal.Invoker.invokeMethod(Invoker.java:714)
	at org.testng.internal.Invoker.invokeTestMethod(Invoker.java:901)
	at org.testng.internal.Invoker.invokeTestMethods(Invoker.java:1231)
	at org.testng.internal.TestMethodWorker.invokeTestMethods(TestMethodWorker.java:127)
	at org.testng.internal.TestMethodWorker.run(TestMethodWorker.java:111)
	at org.testng.TestRunner.privateRun(TestRunner.java:767)
	at org.testng.TestRunner.run(TestRunner.java:617)
	at org.testng.SuiteRunner.runTest(SuiteRunner.java:334)
	at org.testng.SuiteRunner.runSequentially(SuiteRunner.java:329)
	at org.testng.SuiteRunner.privateRun(SuiteRunner.java:291)
	at org.testng.SuiteRunner.run(SuiteRunner.java:240)
	at org.testng.SuiteRunnerWorker.runSuite(SuiteRunnerWorker.java:52)
	at org.testng.SuiteRunnerWorker.run(SuiteRunnerWorker.java:86)
	at org.testng.TestNG.runSuitesSequentially(TestNG.java:1198)
	at org.testng.TestNG.runSuitesLocally(TestNG.java:1123)
	at org.testng.TestNG.run(TestNG.java:1031)
	at org.apache.maven.surefire.testng.TestNGExecutor.run(TestNGExecutor.java:177)
	at org.apache.maven.surefire.testng.TestNGXmlTestSuite.execute(TestNGXmlTestSuite.java:92)
	at org.apache.maven.surefire.testng.TestNGProvider.invoke(TestNGProvider.java:105)
	at sun.reflect.NativeMethodAccessorImpl.invoke0(Native Method)
	at sun.reflect.NativeMethodAccessorImpl.invoke(Unknown Source)
	at sun.reflect.DelegatingMethodAccessorImpl.invoke(Unknown Source)
	at java.lang.reflect.Method.invoke(Unknown Source)
	at org.apache.maven.surefire.util.ReflectionUtils.invokeMethodWithArray(ReflectionUtils.java:189)
	at org.apache.maven.surefire.booter.ProviderFactory$ProviderProxy.invoke(ProviderFactory.java:165)
	at org.apache.maven.surefire.booter.ProviderFactory.invokeProvider(ProviderFactory.java:85)
	at org.apache.maven.surefire.booter.ForkedBooter.runSuitesInProcess(ForkedBooter.java:103)
	at org.apache.maven.surefire.booter.ForkedBooter.main(ForkedBooter.java:74)
Caused by: org.openqa.selenium.NoSuchElementException: Unable to locate element: {"method":"xpath","selector":"//*[@id='customerContacts_list_tbl']/div/div[1]/table/tbody/tr[1]/td[1]/span"}
Command duration or timeout: 60.05 seconds
For documentation on this error, please visit: http://seleniumhq.org/exceptions/no_such_element.html
Build info: version: '2.45.0', revision: '5017cb8e7ca8e37638dc3091b2440b90a1d8686f', time: '2015-02-27 09:10:26'
System info: host: 'NACTS-081729', ip: '172.28.0.111', os.name: 'Windows 7', os.arch: 'amd64', os.version: '6.1', java.version: '1.8.0_77'
Driver info: org.openqa.selenium.firefox.FirefoxDriver
Capabilities [{applicationCacheEnabled=false, rotatable=false, handlesAlerts=true, databaseEnabled=true, version=32.0, platform=WINDOWS, nativeEvents=false, acceptSslCerts=true, webStorageEnabled=true, locationContextEnabled=true, browserName=firefox, takesScreenshot=true, javascriptEnabled=true, cssSelectorsEnabled=true}]
Session ID: c9341c7e-36b8-4976-9fd9-ec9994b169ed
*** Element info: {Using=xpath, value=//*[@id='customerContacts_list_tbl']/div/div[1]/table/tbody/tr[1]/td[1]/span}
	at sun.reflect.NativeConstructorAccessorImpl.newInstance0(Native Method)
	at sun.reflect.NativeConstructorAccessorImpl.newInstance(Unknown Source)
	at sun.reflect.DelegatingConstructorAccessorImpl.newInstance(Unknown Source)
	at java.lang.reflect.Constructor.newInstance(Unknown Source)
	at org.openqa.selenium.remote.ErrorHandler.createThrowable(ErrorHandler.java:204)
	at org.openqa.selenium.remote.ErrorHandler.throwIfResponseFailed(ErrorHandler.java:156)
	at org.openqa.selenium.remote.RemoteWebDriver.execute(RemoteWebDriver.java:599)
	at org.openqa.selenium.remote.RemoteWebDriver.findElement(RemoteWebDriver.java:352)
	at org.openqa.selenium.remote.RemoteWebDriver.findElementByXPath(RemoteWebDriver.java:449)
	at org.openqa.selenium.By$ByXPath.findElement(By.java:357)
	at org.openqa.selenium.remote.RemoteWebDriver.findElement(RemoteWebDriver.java:344)
	at org.openqa.selenium.support.ui.ExpectedConditions.findElement(ExpectedConditions.java:730)
	at org.openqa.selenium.support.ui.ExpectedConditions.access$000(ExpectedConditions.java:39)
	at org.openqa.selenium.support.ui.ExpectedConditions$4.apply(ExpectedConditions.java:130)
	at org.openqa.selenium.support.ui.ExpectedConditions$4.apply(ExpectedConditions.java:126)
	at org.openqa.selenium.support.ui.FluentWait.until(FluentWait.java:208)
	... 35 more
Caused by: org.openqa.selenium.NoSuchElementException: Unable to locate element: {"method":"xpath","selector":"//*[@id='customerContacts_list_tbl']/div/div[1]/table/tbody/tr[1]/td[1]/span"}
For documentation on this error, please visit: http://seleniumhq.org/exceptions/no_such_element.html
Build info: version: '2.45.0', revision: '5017cb8e7ca8e37638dc3091b2440b90a1d8686f', time: '2015-02-27 09:10:26'
System info: host: 'NACTS-081729', ip: '172.28.0.111', os.name: 'Windows 7', os.arch: 'amd64', os.version: '6.1', java.version: '1.8.0_77'
Driver info: driver.version: unknown
	at <anonymous class>.FirefoxDriver.prototype.findElementInternal_(file:///C:/Users/200123/AppData/Local/Temp/anonymous760111407937690293webdriver-profile/extensions/fxdriver@googlecode.com/components/driver-component.js:10271)
	at <anonymous class>.fxdriver.Timer.prototype.setTimeout/<.notify(file:///C:/Users/200123/AppData/Local/Temp/anonymous760111407937690293webdriver-profile/extensions/fxdriver@googlecode.com/components/driver-component.js:603)
]]>
            </full-stacktrace>
          </exception> <!-- org.openqa.selenium.TimeoutException -->
          <reporter-output>
          </reporter-output>
        </test-method> <!-- checkTravelHistory -->
        <test-method status="PASS" signature="tearDown()[pri:0, instance:automationFramework.TestCases.TravelHistoryTest@13a5fe33]" name="tearDown" is-config="true" duration-ms="596" started-at="2016-08-09T14:47:19Z" finished-at="2016-08-09T14:47:19Z">
          <reporter-output>
            <line>
              <![CDATA[TearDown Complete]]>
            </line>
          </reporter-output>
        </test-method> <!-- tearDown -->
      </class> <!-- automationFramework.TestCases.TravelHistoryTest -->
      <class name="automationFramework.TestCases.CreateFundingTest">
        <test-method status="PASS" signature="setUp(java.lang.String)[pri:0, instance:automationFramework.TestCases.CreateFundingTest@3108bc]" name="setUp" is-config="true" duration-ms="10636" started-at="2016-08-09T14:20:32Z" finished-at="2016-08-09T14:20:43Z">
          <params>
            <param index="0">
              <value>
                <![CDATA[firefox.exe]]>
              </value>
            </param>
          </params>
          <reporter-output>
            <line>
              <![CDATA[firefox driver instantiated]]>
            </line>
          </reporter-output>
        </test-method> <!-- setUp -->
        <test-method status="PASS" signature="createFundingSource()[pri:0, instance:automationFramework.TestCases.CreateFundingTest@3108bc]" name="createFundingSource" duration-ms="83540" started-at="2016-08-09T14:20:43Z" finished-at="2016-08-09T14:22:06Z">
          <reporter-output>
          </reporter-output>
        </test-method> <!-- createFundingSource -->
        <test-method status="PASS" signature="tearDown()[pri:0, instance:automationFramework.TestCases.CreateFundingTest@3108bc]" name="tearDown" is-config="true" duration-ms="633" started-at="2016-08-09T14:22:06Z" finished-at="2016-08-09T14:22:07Z">
          <reporter-output>
            <line>
              <![CDATA[TearDown Complete]]>
            </line>
          </reporter-output>
        </test-method> <!-- tearDown -->
        <test-method status="PASS" signature="setUp(java.lang.String)[pri:0, instance:automationFramework.TestCases.CreateFundingTest@3108bc]" name="setUp" is-config="true" duration-ms="12424" started-at="2016-08-09T14:22:07Z" finished-at="2016-08-09T14:22:19Z">
          <params>
            <param index="0">
              <value>
                <![CDATA[firefox.exe]]>
              </value>
            </param>
          </params>
          <reporter-output>
            <line>
              <![CDATA[firefox driver instantiated]]>
            </line>
          </reporter-output>
        </test-method> <!-- setUp -->
        <test-method status="PASS" signature="createFundingSourceNewBillingAddress()[pri:0, instance:automationFramework.TestCases.CreateFundingTest@3108bc]" name="createFundingSourceNewBillingAddress" duration-ms="103393" started-at="2016-08-09T14:22:19Z" finished-at="2016-08-09T14:24:03Z">
          <reporter-output>
          </reporter-output>
        </test-method> <!-- createFundingSourceNewBillingAddress -->
        <test-method status="PASS" signature="tearDown()[pri:0, instance:automationFramework.TestCases.CreateFundingTest@3108bc]" name="tearDown" is-config="true" duration-ms="599" started-at="2016-08-09T14:24:03Z" finished-at="2016-08-09T14:24:03Z">
          <reporter-output>
            <line>
              <![CDATA[TearDown Complete]]>
            </line>
          </reporter-output>
        </test-method> <!-- tearDown -->
        <test-method status="PASS" signature="setUp(java.lang.String)[pri:0, instance:automationFramework.TestCases.CreateFundingTest@3108bc]" name="setUp" is-config="true" duration-ms="13638" started-at="2016-08-09T14:24:03Z" finished-at="2016-08-09T14:24:17Z">
          <params>
            <param index="0">
              <value>
                <![CDATA[firefox.exe]]>
              </value>
            </param>
          </params>
          <reporter-output>
            <line>
              <![CDATA[firefox driver instantiated]]>
            </line>
          </reporter-output>
        </test-method> <!-- setUp -->
        <test-method status="PASS" signature="createFundingSourceCancel()[pri:0, instance:automationFramework.TestCases.CreateFundingTest@3108bc]" name="createFundingSourceCancel" duration-ms="54951" started-at="2016-08-09T14:24:17Z" finished-at="2016-08-09T14:25:12Z">
          <reporter-output>
          </reporter-output>
        </test-method> <!-- createFundingSourceCancel -->
        <test-method status="PASS" signature="tearDown()[pri:0, instance:automationFramework.TestCases.CreateFundingTest@3108bc]" name="tearDown" is-config="true" duration-ms="683" started-at="2016-08-09T14:25:12Z" finished-at="2016-08-09T14:25:13Z">
          <reporter-output>
            <line>
              <![CDATA[TearDown Complete]]>
            </line>
          </reporter-output>
        </test-method> <!-- tearDown -->
        <test-method status="PASS" signature="setUp(java.lang.String)[pri:0, instance:automationFramework.TestCases.CreateFundingTest@3108bc]" name="setUp" is-config="true" duration-ms="12682" started-at="2016-08-09T14:25:13Z" finished-at="2016-08-09T14:25:25Z">
          <params>
            <param index="0">
              <value>
                <![CDATA[firefox.exe]]>
              </value>
            </param>
          </params>
          <reporter-output>
            <line>
              <![CDATA[firefox driver instantiated]]>
            </line>
          </reporter-output>
        </test-method> <!-- setUp -->
        <test-method status="PASS" signature="createFundingSourceTypeNotSelected()[pri:0, instance:automationFramework.TestCases.CreateFundingTest@3108bc]" name="createFundingSourceTypeNotSelected" duration-ms="45071" started-at="2016-08-09T14:25:25Z" finished-at="2016-08-09T14:26:10Z">
          <reporter-output>
          </reporter-output>
        </test-method> <!-- createFundingSourceTypeNotSelected -->
        <test-method status="PASS" signature="tearDown()[pri:0, instance:automationFramework.TestCases.CreateFundingTest@3108bc]" name="tearDown" is-config="true" duration-ms="654" started-at="2016-08-09T14:26:10Z" finished-at="2016-08-09T14:26:11Z">
          <reporter-output>
            <line>
              <![CDATA[TearDown Complete]]>
            </line>
          </reporter-output>
        </test-method> <!-- tearDown -->
        <test-method status="PASS" signature="setUp(java.lang.String)[pri:0, instance:automationFramework.TestCases.CreateFundingTest@3108bc]" name="setUp" is-config="true" duration-ms="13253" started-at="2016-08-09T14:26:11Z" finished-at="2016-08-09T14:26:24Z">
          <params>
            <param index="0">
              <value>
                <![CDATA[firefox.exe]]>
              </value>
            </param>
          </params>
          <reporter-output>
            <line>
              <![CDATA[firefox driver instantiated]]>
            </line>
          </reporter-output>
        </test-method> <!-- setUp -->
        <test-method status="PASS" signature="createCustomerInvalidEmail()[pri:0, instance:automationFramework.TestCases.CreateFundingTest@3108bc]" name="createCustomerInvalidEmail" duration-ms="44635" started-at="2016-08-09T14:26:24Z" finished-at="2016-08-09T14:27:09Z">
          <reporter-output>
          </reporter-output>
        </test-method> <!-- createCustomerInvalidEmail -->
        <test-method status="PASS" signature="tearDown()[pri:0, instance:automationFramework.TestCases.CreateFundingTest@3108bc]" name="tearDown" is-config="true" duration-ms="656" started-at="2016-08-09T14:27:09Z" finished-at="2016-08-09T14:27:10Z">
          <reporter-output>
            <line>
              <![CDATA[TearDown Complete]]>
            </line>
          </reporter-output>
        </test-method> <!-- tearDown -->
        <test-method status="PASS" signature="setUp(java.lang.String)[pri:0, instance:automationFramework.TestCases.CreateFundingTest@3108bc]" name="setUp" is-config="true" duration-ms="12933" started-at="2016-08-09T14:27:10Z" finished-at="2016-08-09T14:27:23Z">
          <params>
            <param index="0">
              <value>
                <![CDATA[firefox.exe]]>
              </value>
            </param>
          </params>
          <reporter-output>
            <line>
              <![CDATA[firefox driver instantiated]]>
            </line>
          </reporter-output>
        </test-method> <!-- setUp -->
        <test-method status="PASS" signature="createCustomerFundingInvalidCC()[pri:0, instance:automationFramework.TestCases.CreateFundingTest@3108bc]" name="createCustomerFundingInvalidCC" duration-ms="75058" started-at="2016-08-09T14:27:23Z" finished-at="2016-08-09T14:28:38Z">
          <reporter-output>
          </reporter-output>
        </test-method> <!-- createCustomerFundingInvalidCC -->
        <test-method status="PASS" signature="tearDown()[pri:0, instance:automationFramework.TestCases.CreateFundingTest@3108bc]" name="tearDown" is-config="true" duration-ms="637" started-at="2016-08-09T14:28:38Z" finished-at="2016-08-09T14:28:38Z">
          <reporter-output>
            <line>
              <![CDATA[TearDown Complete]]>
            </line>
          </reporter-output>
        </test-method> <!-- tearDown -->
        <test-method status="PASS" signature="setUp(java.lang.String)[pri:0, instance:automationFramework.TestCases.CreateFundingTest@3108bc]" name="setUp" is-config="true" duration-ms="12053" started-at="2016-08-09T14:28:38Z" finished-at="2016-08-09T14:28:50Z">
          <params>
            <param index="0">
              <value>
                <![CDATA[firefox.exe]]>
              </value>
            </param>
          </params>
          <reporter-output>
            <line>
              <![CDATA[firefox driver instantiated]]>
            </line>
          </reporter-output>
        </test-method> <!-- setUp -->
        <test-method status="PASS" signature="createCustomerFundingInvalidName()[pri:0, instance:automationFramework.TestCases.CreateFundingTest@3108bc]" name="createCustomerFundingInvalidName" duration-ms="78918" started-at="2016-08-09T14:28:50Z" finished-at="2016-08-09T14:30:09Z">
          <reporter-output>
          </reporter-output>
        </test-method> <!-- createCustomerFundingInvalidName -->
        <test-method status="PASS" signature="tearDown()[pri:0, instance:automationFramework.TestCases.CreateFundingTest@3108bc]" name="tearDown" is-config="true" duration-ms="720" started-at="2016-08-09T14:30:09Z" finished-at="2016-08-09T14:30:10Z">
          <reporter-output>
            <line>
              <![CDATA[TearDown Complete]]>
            </line>
          </reporter-output>
        </test-method> <!-- tearDown -->
      </class> <!-- automationFramework.TestCases.CreateFundingTest -->
      <class name="automationFramework.TestCases.CreateCustomerTest">
        <test-method status="PASS" signature="setUp(java.lang.String)[pri:0, instance:automationFramework.TestCases.CreateCustomerTest@6d7b4f4c]" name="setUp" is-config="true" duration-ms="9201" started-at="2016-08-09T14:01:37Z" finished-at="2016-08-09T14:01:46Z">
          <params>
            <param index="0">
              <value>
                <![CDATA[firefox.exe]]>
              </value>
            </param>
          </params>
          <reporter-output>
            <line>
              <![CDATA[firefox driver instantiated]]>
            </line>
          </reporter-output>
        </test-method> <!-- setUp -->
        <test-method status="PASS" signature="createNewCustomer()[pri:0, instance:automationFramework.TestCases.CreateCustomerTest@6d7b4f4c]" name="createNewCustomer" duration-ms="60913" started-at="2016-08-09T14:01:46Z" finished-at="2016-08-09T14:02:47Z">
          <reporter-output>
          </reporter-output>
        </test-method> <!-- createNewCustomer -->
        <test-method status="PASS" signature="tearDown()[pri:0, instance:automationFramework.TestCases.CreateCustomerTest@6d7b4f4c]" name="tearDown" is-config="true" duration-ms="388" started-at="2016-08-09T14:02:47Z" finished-at="2016-08-09T14:02:48Z">
          <reporter-output>
            <line>
              <![CDATA[TearDown Complete]]>
            </line>
          </reporter-output>
        </test-method> <!-- tearDown -->
        <test-method status="PASS" signature="setUp(java.lang.String)[pri:0, instance:automationFramework.TestCases.CreateCustomerTest@6d7b4f4c]" name="setUp" is-config="true" duration-ms="13661" started-at="2016-08-09T14:02:48Z" finished-at="2016-08-09T14:03:01Z">
          <params>
            <param index="0">
              <value>
                <![CDATA[firefox.exe]]>
              </value>
            </param>
          </params>
          <reporter-output>
            <line>
              <![CDATA[firefox driver instantiated]]>
            </line>
          </reporter-output>
        </test-method> <!-- setUp -->
        <test-method status="PASS" signature="createCustomerCancel()[pri:0, instance:automationFramework.TestCases.CreateCustomerTest@6d7b4f4c]" name="createCustomerCancel" duration-ms="38320" started-at="2016-08-09T14:03:01Z" finished-at="2016-08-09T14:03:40Z">
          <reporter-output>
          </reporter-output>
        </test-method> <!-- createCustomerCancel -->
        <test-method status="PASS" signature="tearDown()[pri:0, instance:automationFramework.TestCases.CreateCustomerTest@6d7b4f4c]" name="tearDown" is-config="true" duration-ms="525" started-at="2016-08-09T14:03:40Z" finished-at="2016-08-09T14:03:40Z">
          <reporter-output>
            <line>
              <![CDATA[TearDown Complete]]>
            </line>
          </reporter-output>
        </test-method> <!-- tearDown -->
        <test-method status="PASS" signature="setUp(java.lang.String)[pri:0, instance:automationFramework.TestCases.CreateCustomerTest@6d7b4f4c]" name="setUp" is-config="true" duration-ms="13425" started-at="2016-08-09T14:03:40Z" finished-at="2016-08-09T14:03:54Z">
          <params>
            <param index="0">
              <value>
                <![CDATA[firefox.exe]]>
              </value>
            </param>
          </params>
          <reporter-output>
            <line>
              <![CDATA[firefox driver instantiated]]>
            </line>
          </reporter-output>
        </test-method> <!-- setUp -->
        <test-method status="PASS" signature="createCustomerContactTypeNotSelected()[pri:0, instance:automationFramework.TestCases.CreateCustomerTest@6d7b4f4c]" name="createCustomerContactTypeNotSelected" duration-ms="49159" started-at="2016-08-09T14:03:54Z" finished-at="2016-08-09T14:04:43Z">
          <reporter-output>
          </reporter-output>
        </test-method> <!-- createCustomerContactTypeNotSelected -->
        <test-method status="PASS" signature="tearDown()[pri:0, instance:automationFramework.TestCases.CreateCustomerTest@6d7b4f4c]" name="tearDown" is-config="true" duration-ms="329" started-at="2016-08-09T14:04:43Z" finished-at="2016-08-09T14:04:43Z">
          <reporter-output>
            <line>
              <![CDATA[TearDown Complete]]>
            </line>
          </reporter-output>
        </test-method> <!-- tearDown -->
        <test-method status="PASS" signature="setUp(java.lang.String)[pri:0, instance:automationFramework.TestCases.CreateCustomerTest@6d7b4f4c]" name="setUp" is-config="true" duration-ms="11620" started-at="2016-08-09T14:04:43Z" finished-at="2016-08-09T14:04:55Z">
          <params>
            <param index="0">
              <value>
                <![CDATA[firefox.exe]]>
              </value>
            </param>
          </params>
          <reporter-output>
            <line>
              <![CDATA[firefox driver instantiated]]>
            </line>
          </reporter-output>
        </test-method> <!-- setUp -->
        <test-method status="PASS" signature="createCustomerInvalidEmail()[pri:0, instance:automationFramework.TestCases.CreateCustomerTest@6d7b4f4c]" name="createCustomerInvalidEmail" duration-ms="47298" started-at="2016-08-09T14:04:55Z" finished-at="2016-08-09T14:05:42Z">
          <reporter-output>
          </reporter-output>
        </test-method> <!-- createCustomerInvalidEmail -->
        <test-method status="PASS" signature="tearDown()[pri:0, instance:automationFramework.TestCases.CreateCustomerTest@6d7b4f4c]" name="tearDown" is-config="true" duration-ms="438" started-at="2016-08-09T14:05:42Z" finished-at="2016-08-09T14:05:42Z">
          <reporter-output>
            <line>
              <![CDATA[TearDown Complete]]>
            </line>
          </reporter-output>
        </test-method> <!-- tearDown -->
        <test-method status="PASS" signature="setUp(java.lang.String)[pri:0, instance:automationFramework.TestCases.CreateCustomerTest@6d7b4f4c]" name="setUp" is-config="true" duration-ms="13231" started-at="2016-08-09T14:05:42Z" finished-at="2016-08-09T14:05:56Z">
          <params>
            <param index="0">
              <value>
                <![CDATA[firefox.exe]]>
              </value>
            </param>
          </params>
          <reporter-output>
            <line>
              <![CDATA[firefox driver instantiated]]>
            </line>
          </reporter-output>
        </test-method> <!-- setUp -->
        <test-method status="PASS" signature="createCustomerInvalidPin()[pri:0, instance:automationFramework.TestCases.CreateCustomerTest@6d7b4f4c]" name="createCustomerInvalidPin" duration-ms="46955" started-at="2016-08-09T14:05:56Z" finished-at="2016-08-09T14:06:43Z">
          <reporter-output>
          </reporter-output>
        </test-method> <!-- createCustomerInvalidPin -->
        <test-method status="PASS" signature="tearDown()[pri:0, instance:automationFramework.TestCases.CreateCustomerTest@6d7b4f4c]" name="tearDown" is-config="true" duration-ms="464" started-at="2016-08-09T14:06:43Z" finished-at="2016-08-09T14:06:43Z">
          <reporter-output>
            <line>
              <![CDATA[TearDown Complete]]>
            </line>
          </reporter-output>
        </test-method> <!-- tearDown -->
        <test-method status="PASS" signature="setUp(java.lang.String)[pri:0, instance:automationFramework.TestCases.CreateCustomerTest@6d7b4f4c]" name="setUp" is-config="true" duration-ms="11350" started-at="2016-08-09T14:06:43Z" finished-at="2016-08-09T14:06:54Z">
          <params>
            <param index="0">
              <value>
                <![CDATA[firefox.exe]]>
              </value>
            </param>
          </params>
          <reporter-output>
            <line>
              <![CDATA[firefox driver instantiated]]>
            </line>
          </reporter-output>
        </test-method> <!-- setUp -->
        <test-method status="PASS" signature="createCustomerFundingInvalidCC()[pri:0, instance:automationFramework.TestCases.CreateCustomerTest@6d7b4f4c]" name="createCustomerFundingInvalidCC" duration-ms="48650" started-at="2016-08-09T14:06:54Z" finished-at="2016-08-09T14:07:43Z">
          <reporter-output>
          </reporter-output>
        </test-method> <!-- createCustomerFundingInvalidCC -->
        <test-method status="PASS" signature="tearDown()[pri:0, instance:automationFramework.TestCases.CreateCustomerTest@6d7b4f4c]" name="tearDown" is-config="true" duration-ms="873" started-at="2016-08-09T14:07:43Z" finished-at="2016-08-09T14:07:44Z">
          <reporter-output>
            <line>
              <![CDATA[TearDown Complete]]>
            </line>
          </reporter-output>
        </test-method> <!-- tearDown -->
        <test-method status="PASS" signature="setUp(java.lang.String)[pri:0, instance:automationFramework.TestCases.CreateCustomerTest@6d7b4f4c]" name="setUp" is-config="true" duration-ms="12145" started-at="2016-08-09T14:07:44Z" finished-at="2016-08-09T14:07:56Z">
          <params>
            <param index="0">
              <value>
                <![CDATA[firefox.exe]]>
              </value>
            </param>
          </params>
          <reporter-output>
            <line>
              <![CDATA[firefox driver instantiated]]>
            </line>
          </reporter-output>
        </test-method> <!-- setUp -->
        <test-method status="PASS" signature="createCustomerDuplicateUserName()[pri:0, instance:automationFramework.TestCases.CreateCustomerTest@6d7b4f4c]" name="createCustomerDuplicateUserName" duration-ms="54240" started-at="2016-08-09T14:07:56Z" finished-at="2016-08-09T14:08:50Z">
          <reporter-output>
          </reporter-output>
        </test-method> <!-- createCustomerDuplicateUserName -->
        <test-method status="PASS" signature="tearDown()[pri:0, instance:automationFramework.TestCases.CreateCustomerTest@6d7b4f4c]" name="tearDown" is-config="true" duration-ms="594" started-at="2016-08-09T14:08:50Z" finished-at="2016-08-09T14:08:51Z">
          <reporter-output>
            <line>
              <![CDATA[TearDown Complete]]>
            </line>
          </reporter-output>
        </test-method> <!-- tearDown -->
        <test-method status="PASS" signature="setUp(java.lang.String)[pri:0, instance:automationFramework.TestCases.CreateCustomerTest@6d7b4f4c]" name="setUp" is-config="true" duration-ms="12763" started-at="2016-08-09T14:08:51Z" finished-at="2016-08-09T14:09:04Z">
          <params>
            <param index="0">
              <value>
                <![CDATA[firefox.exe]]>
              </value>
            </param>
          </params>
          <reporter-output>
            <line>
              <![CDATA[firefox driver instantiated]]>
            </line>
          </reporter-output>
        </test-method> <!-- setUp -->
        <test-method status="PASS" signature="createCustomerInvalidUserName()[pri:0, instance:automationFramework.TestCases.CreateCustomerTest@6d7b4f4c]" name="createCustomerInvalidUserName" duration-ms="40464" started-at="2016-08-09T14:09:04Z" finished-at="2016-08-09T14:09:44Z">
          <reporter-output>
          </reporter-output>
        </test-method> <!-- createCustomerInvalidUserName -->
        <test-method status="PASS" signature="tearDown()[pri:0, instance:automationFramework.TestCases.CreateCustomerTest@6d7b4f4c]" name="tearDown" is-config="true" duration-ms="643" started-at="2016-08-09T14:09:44Z" finished-at="2016-08-09T14:09:45Z">
          <reporter-output>
            <line>
              <![CDATA[TearDown Complete]]>
            </line>
          </reporter-output>
        </test-method> <!-- tearDown -->
        <test-method status="PASS" signature="setUp(java.lang.String)[pri:0, instance:automationFramework.TestCases.CreateCustomerTest@6d7b4f4c]" name="setUp" is-config="true" duration-ms="13502" started-at="2016-08-09T14:09:45Z" finished-at="2016-08-09T14:09:58Z">
          <params>
            <param index="0">
              <value>
                <![CDATA[firefox.exe]]>
              </value>
            </param>
          </params>
          <reporter-output>
            <line>
              <![CDATA[firefox driver instantiated]]>
            </line>
          </reporter-output>
        </test-method> <!-- setUp -->
        <test-method status="PASS" signature="createCustomerInvalidPhone()[pri:0, instance:automationFramework.TestCases.CreateCustomerTest@6d7b4f4c]" name="createCustomerInvalidPhone" duration-ms="30057" started-at="2016-08-09T14:09:58Z" finished-at="2016-08-09T14:10:28Z">
          <reporter-output>
          </reporter-output>
        </test-method> <!-- createCustomerInvalidPhone -->
        <test-method status="PASS" signature="tearDown()[pri:0, instance:automationFramework.TestCases.CreateCustomerTest@6d7b4f4c]" name="tearDown" is-config="true" duration-ms="635" started-at="2016-08-09T14:10:28Z" finished-at="2016-08-09T14:10:29Z">
          <reporter-output>
            <line>
              <![CDATA[TearDown Complete]]>
            </line>
          </reporter-output>
        </test-method> <!-- tearDown -->
        <test-method status="PASS" signature="setUp(java.lang.String)[pri:0, instance:automationFramework.TestCases.CreateCustomerTest@6d7b4f4c]" name="setUp" is-config="true" duration-ms="13099" started-at="2016-08-09T14:10:29Z" finished-at="2016-08-09T14:10:42Z">
          <params>
            <param index="0">
              <value>
                <![CDATA[firefox.exe]]>
              </value>
            </param>
          </params>
          <reporter-output>
            <line>
              <![CDATA[firefox driver instantiated]]>
            </line>
          </reporter-output>
        </test-method> <!-- setUp -->
        <test-method status="PASS" signature="createCustomerNameMissing()[pri:0, instance:automationFramework.TestCases.CreateCustomerTest@6d7b4f4c]" name="createCustomerNameMissing" duration-ms="23364" started-at="2016-08-09T14:10:42Z" finished-at="2016-08-09T14:11:05Z">
          <reporter-output>
          </reporter-output>
        </test-method> <!-- createCustomerNameMissing -->
        <test-method status="PASS" signature="tearDown()[pri:0, instance:automationFramework.TestCases.CreateCustomerTest@6d7b4f4c]" name="tearDown" is-config="true" duration-ms="583" started-at="2016-08-09T14:11:05Z" finished-at="2016-08-09T14:11:06Z">
          <reporter-output>
            <line>
              <![CDATA[TearDown Complete]]>
            </line>
          </reporter-output>
        </test-method> <!-- tearDown -->
        <test-method status="PASS" signature="setUp(java.lang.String)[pri:0, instance:automationFramework.TestCases.CreateCustomerTest@6d7b4f4c]" name="setUp" is-config="true" duration-ms="13075" started-at="2016-08-09T14:11:06Z" finished-at="2016-08-09T14:11:19Z">
          <params>
            <param index="0">
              <value>
                <![CDATA[firefox.exe]]>
              </value>
            </param>
          </params>
          <reporter-output>
            <line>
              <![CDATA[firefox driver instantiated]]>
            </line>
          </reporter-output>
        </test-method> <!-- setUp -->
        <test-method status="PASS" signature="createCustomerEmailMissing()[pri:0, instance:automationFramework.TestCases.CreateCustomerTest@6d7b4f4c]" name="createCustomerEmailMissing" duration-ms="29253" started-at="2016-08-09T14:11:19Z" finished-at="2016-08-09T14:11:48Z">
          <reporter-output>
          </reporter-output>
        </test-method> <!-- createCustomerEmailMissing -->
        <test-method status="PASS" signature="tearDown()[pri:0, instance:automationFramework.TestCases.CreateCustomerTest@6d7b4f4c]" name="tearDown" is-config="true" duration-ms="578" started-at="2016-08-09T14:11:48Z" finished-at="2016-08-09T14:11:49Z">
          <reporter-output>
            <line>
              <![CDATA[TearDown Complete]]>
            </line>
          </reporter-output>
        </test-method> <!-- tearDown -->
      </class> <!-- automationFramework.TestCases.CreateCustomerTest -->
      <class name="automationFramework.TestCases.CreateCustomerDBTest">
        <test-method status="PASS" signature="setUp(java.lang.String)[pri:0, instance:automationFramework.TestCases.CreateCustomerDBTest@3632be31]" name="setUp" is-config="true" duration-ms="11323" started-at="2016-08-09T14:51:58Z" finished-at="2016-08-09T14:52:09Z">
          <params>
            <param index="0">
              <value>
                <![CDATA[firefox.exe]]>
              </value>
            </param>
          </params>
          <reporter-output>
            <line>
              <![CDATA[firefox driver instantiated]]>
            </line>
          </reporter-output>
        </test-method> <!-- setUp -->
        <test-method status="PASS" signature="createNewCustomerDBCheckContactTable()[pri:0, instance:automationFramework.TestCases.CreateCustomerDBTest@3632be31]" name="createNewCustomerDBCheckContactTable" duration-ms="59166" started-at="2016-08-09T14:52:09Z" finished-at="2016-08-09T14:53:08Z">
          <reporter-output>
          </reporter-output>
        </test-method> <!-- createNewCustomerDBCheckContactTable -->
        <test-method status="PASS" signature="tearDown()[pri:0, instance:automationFramework.TestCases.CreateCustomerDBTest@3632be31]" name="tearDown" is-config="true" duration-ms="609" started-at="2016-08-09T14:53:08Z" finished-at="2016-08-09T14:53:09Z">
          <reporter-output>
            <line>
              <![CDATA[TearDown Completed]]>
            </line>
          </reporter-output>
        </test-method> <!-- tearDown -->
        <test-method status="PASS" signature="setUp(java.lang.String)[pri:0, instance:automationFramework.TestCases.CreateCustomerDBTest@3632be31]" name="setUp" is-config="true" duration-ms="12318" started-at="2016-08-09T14:53:09Z" finished-at="2016-08-09T14:53:21Z">
          <params>
            <param index="0">
              <value>
                <![CDATA[firefox.exe]]>
              </value>
            </param>
          </params>
          <reporter-output>
            <line>
              <![CDATA[firefox driver instantiated]]>
            </line>
          </reporter-output>
        </test-method> <!-- setUp -->
        <test-method status="PASS" signature="createNewCustomerDBCheckAccountTable()[pri:0, instance:automationFramework.TestCases.CreateCustomerDBTest@3632be31]" name="createNewCustomerDBCheckAccountTable" duration-ms="54913" started-at="2016-08-09T14:53:21Z" finished-at="2016-08-09T14:54:16Z">
          <reporter-output>
          </reporter-output>
        </test-method> <!-- createNewCustomerDBCheckAccountTable -->
        <test-method status="PASS" signature="tearDown()[pri:0, instance:automationFramework.TestCases.CreateCustomerDBTest@3632be31]" name="tearDown" is-config="true" duration-ms="592" started-at="2016-08-09T14:54:16Z" finished-at="2016-08-09T14:54:17Z">
          <reporter-output>
            <line>
              <![CDATA[TearDown Completed]]>
            </line>
          </reporter-output>
        </test-method> <!-- tearDown -->
        <test-method status="PASS" signature="setUp(java.lang.String)[pri:0, instance:automationFramework.TestCases.CreateCustomerDBTest@3632be31]" name="setUp" is-config="true" duration-ms="11585" started-at="2016-08-09T14:54:17Z" finished-at="2016-08-09T14:54:28Z">
          <params>
            <param index="0">
              <value>
                <![CDATA[firefox.exe]]>
              </value>
            </param>
          </params>
          <reporter-output>
            <line>
              <![CDATA[firefox driver instantiated]]>
            </line>
          </reporter-output>
        </test-method> <!-- setUp -->
        <test-method status="PASS" signature="createNewCustomerDBCheckAddressTable()[pri:0, instance:automationFramework.TestCases.CreateCustomerDBTest@3632be31]" name="createNewCustomerDBCheckAddressTable" duration-ms="60757" started-at="2016-08-09T14:54:28Z" finished-at="2016-08-09T14:55:29Z">
          <reporter-output>
          </reporter-output>
        </test-method> <!-- createNewCustomerDBCheckAddressTable -->
        <test-method status="PASS" signature="tearDown()[pri:0, instance:automationFramework.TestCases.CreateCustomerDBTest@3632be31]" name="tearDown" is-config="true" duration-ms="924" started-at="2016-08-09T14:55:29Z" finished-at="2016-08-09T14:55:30Z">
          <reporter-output>
            <line>
              <![CDATA[TearDown Completed]]>
            </line>
          </reporter-output>
        </test-method> <!-- tearDown -->
        <test-method status="PASS" signature="setUp(java.lang.String)[pri:0, instance:automationFramework.TestCases.CreateCustomerDBTest@3632be31]" name="setUp" is-config="true" duration-ms="11229" started-at="2016-08-09T14:55:30Z" finished-at="2016-08-09T14:55:41Z">
          <params>
            <param index="0">
              <value>
                <![CDATA[firefox.exe]]>
              </value>
            </param>
          </params>
          <reporter-output>
            <line>
              <![CDATA[firefox driver instantiated]]>
            </line>
          </reporter-output>
        </test-method> <!-- setUp -->
        <test-method status="PASS" signature="createNewCustomerDBCheckSecurityTable()[pri:0, instance:automationFramework.TestCases.CreateCustomerDBTest@3632be31]" name="createNewCustomerDBCheckSecurityTable" duration-ms="60607" started-at="2016-08-09T14:55:41Z" finished-at="2016-08-09T14:56:42Z">
          <reporter-output>
          </reporter-output>
        </test-method> <!-- createNewCustomerDBCheckSecurityTable -->
        <test-method status="PASS" signature="tearDown()[pri:0, instance:automationFramework.TestCases.CreateCustomerDBTest@3632be31]" name="tearDown" is-config="true" duration-ms="701" started-at="2016-08-09T14:56:42Z" finished-at="2016-08-09T14:56:42Z">
          <reporter-output>
            <line>
              <![CDATA[TearDown Completed]]>
            </line>
          </reporter-output>
        </test-method> <!-- tearDown -->
        <test-method status="PASS" signature="setUp(java.lang.String)[pri:0, instance:automationFramework.TestCases.CreateCustomerDBTest@3632be31]" name="setUp" is-config="true" duration-ms="13562" started-at="2016-08-09T14:56:42Z" finished-at="2016-08-09T14:56:56Z">
          <params>
            <param index="0">
              <value>
                <![CDATA[firefox.exe]]>
              </value>
            </param>
          </params>
          <reporter-output>
            <line>
              <![CDATA[firefox driver instantiated]]>
            </line>
          </reporter-output>
        </test-method> <!-- setUp -->
        <test-method status="PASS" signature="createNewCustomerDBCheckPhoneTable()[pri:0, instance:automationFramework.TestCases.CreateCustomerDBTest@3632be31]" name="createNewCustomerDBCheckPhoneTable" duration-ms="60150" started-at="2016-08-09T14:56:56Z" finished-at="2016-08-09T14:57:56Z">
          <reporter-output>
          </reporter-output>
        </test-method> <!-- createNewCustomerDBCheckPhoneTable -->
        <test-method status="PASS" signature="tearDown()[pri:0, instance:automationFramework.TestCases.CreateCustomerDBTest@3632be31]" name="tearDown" is-config="true" duration-ms="906" started-at="2016-08-09T14:57:56Z" finished-at="2016-08-09T14:57:57Z">
          <reporter-output>
            <line>
              <![CDATA[TearDown Completed]]>
            </line>
          </reporter-output>
        </test-method> <!-- tearDown -->
        <test-method status="PASS" signature="setUp(java.lang.String)[pri:0, instance:automationFramework.TestCases.CreateCustomerDBTest@3632be31]" name="setUp" is-config="true" duration-ms="11872" started-at="2016-08-09T14:57:57Z" finished-at="2016-08-09T14:58:09Z">
          <params>
            <param index="0">
              <value>
                <![CDATA[firefox.exe]]>
              </value>
            </param>
          </params>
          <reporter-output>
            <line>
              <![CDATA[firefox driver instantiated]]>
            </line>
          </reporter-output>
        </test-method> <!-- setUp -->
        <test-method status="PASS" signature="createNewCustomerDBCheckUserName()[pri:0, instance:automationFramework.TestCases.CreateCustomerDBTest@3632be31]" name="createNewCustomerDBCheckUserName" duration-ms="61749" started-at="2016-08-09T14:58:09Z" finished-at="2016-08-09T14:59:11Z">
          <reporter-output>
          </reporter-output>
        </test-method> <!-- createNewCustomerDBCheckUserName -->
        <test-method status="PASS" signature="tearDown()[pri:0, instance:automationFramework.TestCases.CreateCustomerDBTest@3632be31]" name="tearDown" is-config="true" duration-ms="668" started-at="2016-08-09T14:59:11Z" finished-at="2016-08-09T14:59:11Z">
          <reporter-output>
            <line>
              <![CDATA[TearDown Completed]]>
            </line>
          </reporter-output>
        </test-method> <!-- tearDown -->
        <test-method status="PASS" signature="setUp(java.lang.String)[pri:0, instance:automationFramework.TestCases.CreateCustomerDBTest@3632be31]" name="setUp" is-config="true" duration-ms="14280" started-at="2016-08-09T14:59:11Z" finished-at="2016-08-09T14:59:25Z">
          <params>
            <param index="0">
              <value>
                <![CDATA[firefox.exe]]>
              </value>
            </param>
          </params>
          <reporter-output>
            <line>
              <![CDATA[firefox driver instantiated]]>
            </line>
          </reporter-output>
        </test-method> <!-- setUp -->
        <test-method status="PASS" signature="createNewCustomerCancelDBCheck()[pri:0, instance:automationFramework.TestCases.CreateCustomerDBTest@3632be31]" name="createNewCustomerCancelDBCheck" duration-ms="33671" started-at="2016-08-09T14:59:25Z" finished-at="2016-08-09T14:59:59Z">
          <reporter-output>
          </reporter-output>
        </test-method> <!-- createNewCustomerCancelDBCheck -->
        <test-method status="PASS" signature="tearDown()[pri:0, instance:automationFramework.TestCases.CreateCustomerDBTest@3632be31]" name="tearDown" is-config="true" duration-ms="587" started-at="2016-08-09T14:59:59Z" finished-at="2016-08-09T15:00:00Z">
          <reporter-output>
            <line>
              <![CDATA[TearDown Completed]]>
            </line>
          </reporter-output>
        </test-method> <!-- tearDown -->
      </class> <!-- automationFramework.TestCases.CreateCustomerDBTest -->
    </test> <!-- FirefoxTest -->
  </suite> <!-- Automation - Suite -->
</testng-results>
